This is XeTeX, Version 3.141592653-2.6-0.999996 (MiKTeX 24.4) (preloaded format=xelatex 2025.8.21)  1 SEP 2025 16:03
entering extended mode
 restricted \write18 enabled.
 file:line:error style messages enabled.
 %&-line parsing enabled.
**e:/ArbeitsOrdner/Aktivitäten/Beamer-Tutorial_mk/169/Workshop-169.tex
(e:/ArbeitsOrdner/Aktivitäten/Beamer-Tutorial_mk/169/Workshop-169.tex
LaTeX2e <2025-06-01> patch level 1
L3 programming layer <2025-07-20>
(C:\Users\mk\AppData\Local\Programs\MiKTeX-24-1\tex/latex/beamer\beamer.cls
Document Class: beamer 2025/08/04 v3.75 A class for typesetting presentations

(C:\Users\mk\AppData\Local\Programs\MiKTeX-24-1\tex/latex/beamer\beamerbasemode
s.sty
(C:\Users\mk\AppData\Local\Programs\MiKTeX-24-1\tex/latex/etoolbox\etoolbox.sty
Package: etoolbox 2025/02/11 v2.5l e-TeX tools for LaTeX (JAW)
\etb@tempcnta=\count271
)
\beamer@tempbox=\box53
\beamer@tempcount=\count272
\c@beamerpauses=\count273

(C:\Users\mk\AppData\Local\Programs\MiKTeX-24-1\tex/latex/beamer\beamerbasedeco
de.sty
\beamer@slideinframe=\count274
\beamer@minimum=\count275
\beamer@decode@box=\box54
)
\beamer@commentbox=\box55
\beamer@modecount=\count276
)
(C:\Users\mk\AppData\Local\Programs\MiKTeX-24-1\tex/generic/iftex\iftex.sty
Package: iftex 2024/12/12 v1.0g TeX engine tests
)
\headdp=\dimen148
\footheight=\dimen149
\sidebarheight=\dimen150
\beamer@tempdim=\dimen151
\beamer@finalheight=\dimen152
\beamer@animht=\dimen153
\beamer@animdp=\dimen154
\beamer@animwd=\dimen155
\beamer@leftmargin=\dimen156
\beamer@rightmargin=\dimen157
\beamer@leftsidebar=\dimen158
\beamer@rightsidebar=\dimen159
\beamer@boxsize=\dimen160
\beamer@vboxoffset=\dimen161
\beamer@descdefault=\dimen162
\beamer@descriptionwidth=\dimen163
\beamer@lastskip=\skip49
\beamer@areabox=\box56
\beamer@animcurrent=\box57
\beamer@animshowbox=\box58
\beamer@sectionbox=\box59
\beamer@logobox=\box60
\beamer@linebox=\box61
\beamer@sectioncount=\count277
\beamer@subsubsectionmax=\count278
\beamer@subsectionmax=\count279
\beamer@sectionmax=\count280
\beamer@totalheads=\count281
\beamer@headcounter=\count282
\beamer@partstartpage=\count283
\beamer@sectionstartpage=\count284
\beamer@subsectionstartpage=\count285
\beamer@animationtempa=\count286
\beamer@animationtempb=\count287
\beamer@xpos=\count288
\beamer@ypos=\count289
\beamer@ypos@offset=\count290
\beamer@showpartnumber=\count291
\beamer@currentsubsection=\count292
\beamer@coveringdepth=\count293
\beamer@sectionadjust=\count294
\beamer@toclastsection=\count295
\beamer@tocsectionnumber=\count296

(C:\Users\mk\AppData\Local\Programs\MiKTeX-24-1\tex/latex/beamer\beamerbaseopti
ons.sty
(C:\Users\mk\AppData\Local\Programs\MiKTeX-24-1\tex/latex/graphics\keyval.sty
Package: keyval 2022/05/29 v1.15 key=value parser (DPC)
\KV@toks@=\toks17
))
\beamer@paperwidth=\skip50
\beamer@paperheight=\skip51

(C:\Users\mk\AppData\Local\Programs\MiKTeX-24-1\tex/latex/geometry\geometry.sty
Package: geometry 2020/01/02 v5.9 Page Geometry
(C:\Users\mk\AppData\Local\Programs\MiKTeX-24-1\tex/generic/iftex\ifvtex.sty
Package: ifvtex 2019/10/25 v1.7 ifvtex legacy package. Use iftex instead.
)
\Gm@cnth=\count297
\Gm@cntv=\count298
\c@Gm@tempcnt=\count299
\Gm@bindingoffset=\dimen164
\Gm@wd@mp=\dimen165
\Gm@odd@mp=\dimen166
\Gm@even@mp=\dimen167
\Gm@layoutwidth=\dimen168
\Gm@layoutheight=\dimen169
\Gm@layouthoffset=\dimen170
\Gm@layoutvoffset=\dimen171
\Gm@dimlist=\toks18

(C:\Users\mk\AppData\Local\Programs\MiKTeX-24-1\tex/latex/geometry\geometry.cfg
))
(C:\Users\mk\AppData\Local\Programs\MiKTeX-24-1\tex/latex/pgf/math\pgfmath.sty
(C:\Users\mk\AppData\Local\Programs\MiKTeX-24-1\tex/latex/pgf/utilities\pgfrcs.
sty
(C:\Users\mk\AppData\Local\Programs\MiKTeX-24-1\tex/generic/pgf/utilities\pgfut
il-common.tex
\pgfutil@everybye=\toks19
\pgfutil@tempdima=\dimen172
\pgfutil@tempdimb=\dimen173
)
(C:\Users\mk\AppData\Local\Programs\MiKTeX-24-1\tex/generic/pgf/utilities\pgfut
il-latex.def
\pgfutil@abb=\box62
)
(C:\Users\mk\AppData\Local\Programs\MiKTeX-24-1\tex/generic/pgf/utilities\pgfrc
s.code.tex
(C:\Users\mk\AppData\Local\Programs\MiKTeX-24-1\tex/generic/pgf\pgf.revision.te
x)
Package: pgfrcs 2023-01-15 v3.1.10 (3.1.10)
))
(C:\Users\mk\AppData\Local\Programs\MiKTeX-24-1\tex/latex/pgf/utilities\pgfkeys
.sty
(C:\Users\mk\AppData\Local\Programs\MiKTeX-24-1\tex/generic/pgf/utilities\pgfke
ys.code.tex
\pgfkeys@pathtoks=\toks20
\pgfkeys@temptoks=\toks21

(C:\Users\mk\AppData\Local\Programs\MiKTeX-24-1\tex/generic/pgf/utilities\pgfke
yslibraryfiltered.code.tex
\pgfkeys@tmptoks=\toks22
)))
(C:\Users\mk\AppData\Local\Programs\MiKTeX-24-1\tex/generic/pgf/math\pgfmath.co
de.tex
(C:\Users\mk\AppData\Local\Programs\MiKTeX-24-1\tex/generic/pgf/math\pgfmathuti
l.code.tex
\pgf@x=\dimen174
\pgf@xa=\dimen175
\pgf@xb=\dimen176
\pgf@xc=\dimen177
\pgf@y=\dimen178
\pgf@ya=\dimen179
\pgf@yb=\dimen180
\pgf@yc=\dimen181
\c@pgf@counta=\count300
\c@pgf@countb=\count301
\c@pgf@countc=\count302
\c@pgf@countd=\count303
)
(C:\Users\mk\AppData\Local\Programs\MiKTeX-24-1\tex/generic/pgf/math\pgfmathpar
ser.code.tex
\pgfmath@dimen=\dimen182
\pgfmath@count=\count304
\pgfmath@box=\box63
\pgfmath@toks=\toks23
\pgfmath@stack@operand=\toks24
\pgfmath@stack@operation=\toks25
)
(C:\Users\mk\AppData\Local\Programs\MiKTeX-24-1\tex/generic/pgf/math\pgfmathfun
ctions.code.tex)
(C:\Users\mk\AppData\Local\Programs\MiKTeX-24-1\tex/generic/pgf/math\pgfmathfun
ctions.basic.code.tex)
(C:\Users\mk\AppData\Local\Programs\MiKTeX-24-1\tex/generic/pgf/math\pgfmathfun
ctions.trigonometric.code.tex)
(C:\Users\mk\AppData\Local\Programs\MiKTeX-24-1\tex/generic/pgf/math\pgfmathfun
ctions.random.code.tex)
(C:\Users\mk\AppData\Local\Programs\MiKTeX-24-1\tex/generic/pgf/math\pgfmathfun
ctions.comparison.code.tex)
(C:\Users\mk\AppData\Local\Programs\MiKTeX-24-1\tex/generic/pgf/math\pgfmathfun
ctions.base.code.tex)
(C:\Users\mk\AppData\Local\Programs\MiKTeX-24-1\tex/generic/pgf/math\pgfmathfun
ctions.round.code.tex)
(C:\Users\mk\AppData\Local\Programs\MiKTeX-24-1\tex/generic/pgf/math\pgfmathfun
ctions.misc.code.tex)
(C:\Users\mk\AppData\Local\Programs\MiKTeX-24-1\tex/generic/pgf/math\pgfmathfun
ctions.integerarithmetics.code.tex)
(C:\Users\mk\AppData\Local\Programs\MiKTeX-24-1\tex/generic/pgf/math\pgfmathcal
c.code.tex)
(C:\Users\mk\AppData\Local\Programs\MiKTeX-24-1\tex/generic/pgf/math\pgfmathflo
at.code.tex
\c@pgfmathroundto@lastzeros=\count305
)))
(C:\Users\mk\AppData\Local\Programs\MiKTeX-24-1\tex/latex/base\size11.clo
File: size11.clo 2025/01/22 v1.4n Standard LaTeX file (size option)
)
(C:\Users\mk\AppData\Local\Programs\MiKTeX-24-1\tex/latex/pgf/basiclayer\pgfcor
e.sty
(C:\Users\mk\AppData\Local\Programs\MiKTeX-24-1\tex/latex/graphics\graphicx.sty
Package: graphicx 2024/12/31 v1.2e Enhanced LaTeX Graphics (DPC,SPQR)

(C:\Users\mk\AppData\Local\Programs\MiKTeX-24-1\tex/latex/graphics\graphics.sty
Package: graphics 2024/08/06 v1.4g Standard LaTeX Graphics (DPC,SPQR)
(C:\Users\mk\AppData\Local\Programs\MiKTeX-24-1\tex/latex/graphics\trig.sty
Package: trig 2023/12/02 v1.11 sin cos tan (DPC)
)
(C:\Users\mk\AppData\Local\Programs\MiKTeX-24-1\tex/latex/graphics-cfg\graphics
.cfg
File: graphics.cfg 2016/06/04 v1.11 sample graphics configuration
)
Package graphics Info: Driver file: xetex.def on input line 106.

(C:\Users\mk\AppData\Local\Programs\MiKTeX-24-1\tex/latex/graphics-def\xetex.de
f
File: xetex.def 2022/09/22 v5.0n Graphics/color driver for xetex
))
\Gin@req@height=\dimen183
\Gin@req@width=\dimen184
)
(C:\Users\mk\AppData\Local\Programs\MiKTeX-24-1\tex/latex/pgf/systemlayer\pgfsy
s.sty
(C:\Users\mk\AppData\Local\Programs\MiKTeX-24-1\tex/generic/pgf/systemlayer\pgf
sys.code.tex
Package: pgfsys 2023-01-15 v3.1.10 (3.1.10)
\pgf@x=\dimen185
\pgf@y=\dimen186
\pgf@xa=\dimen187
\pgf@ya=\dimen188
\pgf@xb=\dimen189
\pgf@yb=\dimen190
\pgf@xc=\dimen191
\pgf@yc=\dimen192
\pgf@xd=\dimen193
\pgf@yd=\dimen194
\w@pgf@writea=\write3
\r@pgf@reada=\read2
\c@pgf@counta=\count306
\c@pgf@countb=\count307
\c@pgf@countc=\count308
\c@pgf@countd=\count309
\t@pgf@toka=\toks26
\t@pgf@tokb=\toks27
\t@pgf@tokc=\toks28
\pgf@sys@id@count=\count310

(C:\Users\mk\AppData\Local\Programs\MiKTeX-24-1\tex/generic/pgf/systemlayer\pgf
.cfg
File: pgf.cfg 2023-01-15 v3.1.10 (3.1.10)
)
Driver file for pgf: pgfsys-xetex.def

(C:\Users\mk\AppData\Local\Programs\MiKTeX-24-1\tex/generic/pgf/systemlayer\pgf
sys-xetex.def
File: pgfsys-xetex.def 2023-01-15 v3.1.10 (3.1.10)

(C:\Users\mk\AppData\Local\Programs\MiKTeX-24-1\tex/generic/pgf/systemlayer\pgf
sys-dvipdfmx.def
File: pgfsys-dvipdfmx.def 2023-01-15 v3.1.10 (3.1.10)

(C:\Users\mk\AppData\Local\Programs\MiKTeX-24-1\tex/generic/pgf/systemlayer\pgf
sys-common-pdf.def
File: pgfsys-common-pdf.def 2023-01-15 v3.1.10 (3.1.10)
)
\pgfsys@objnum=\count311
)))
(C:\Users\mk\AppData\Local\Programs\MiKTeX-24-1\tex/generic/pgf/systemlayer\pgf
syssoftpath.code.tex
File: pgfsyssoftpath.code.tex 2023-01-15 v3.1.10 (3.1.10)
\pgfsyssoftpath@smallbuffer@items=\count312
\pgfsyssoftpath@bigbuffer@items=\count313
)
(C:\Users\mk\AppData\Local\Programs\MiKTeX-24-1\tex/generic/pgf/systemlayer\pgf
sysprotocol.code.tex
File: pgfsysprotocol.code.tex 2023-01-15 v3.1.10 (3.1.10)
))
(C:\Users\mk\AppData\Local\Programs\MiKTeX-24-1\tex/latex/xcolor\xcolor.sty
Package: xcolor 2024/09/29 v3.02 LaTeX color extensions (UK)

(C:\Users\mk\AppData\Local\Programs\MiKTeX-24-1\tex/latex/graphics-cfg\color.cf
g
File: color.cfg 2016/01/02 v1.6 sample color configuration
)
Package xcolor Info: Driver file: xetex.def on input line 274.

(C:\Users\mk\AppData\Local\Programs\MiKTeX-24-1\tex/latex/graphics\mathcolor.lt
x)
Package xcolor Info: Model `cmy' substituted by `cmy0' on input line 1349.
Package xcolor Info: Model `RGB' extended on input line 1365.
Package xcolor Info: Model `HTML' substituted by `rgb' on input line 1367.
Package xcolor Info: Model `Hsb' substituted by `hsb' on input line 1368.
Package xcolor Info: Model `tHsb' substituted by `hsb' on input line 1369.
Package xcolor Info: Model `HSB' substituted by `hsb' on input line 1370.
Package xcolor Info: Model `Gray' substituted by `gray' on input line 1371.
Package xcolor Info: Model `wave' substituted by `hsb' on input line 1372.
)
(C:\Users\mk\AppData\Local\Programs\MiKTeX-24-1\tex/generic/pgf/basiclayer\pgfc
ore.code.tex
Package: pgfcore 2023-01-15 v3.1.10 (3.1.10)

(C:\Users\mk\AppData\Local\Programs\MiKTeX-24-1\tex/generic/pgf/math\pgfint.cod
e.tex)
(C:\Users\mk\AppData\Local\Programs\MiKTeX-24-1\tex/generic/pgf/basiclayer\pgfc
orepoints.code.tex
File: pgfcorepoints.code.tex 2023-01-15 v3.1.10 (3.1.10)
\pgf@picminx=\dimen195
\pgf@picmaxx=\dimen196
\pgf@picminy=\dimen197
\pgf@picmaxy=\dimen198
\pgf@pathminx=\dimen199
\pgf@pathmaxx=\dimen256
\pgf@pathminy=\dimen257
\pgf@pathmaxy=\dimen258
\pgf@xx=\dimen259
\pgf@xy=\dimen260
\pgf@yx=\dimen261
\pgf@yy=\dimen262
\pgf@zx=\dimen263
\pgf@zy=\dimen264
)
(C:\Users\mk\AppData\Local\Programs\MiKTeX-24-1\tex/generic/pgf/basiclayer\pgfc
orepathconstruct.code.tex
File: pgfcorepathconstruct.code.tex 2023-01-15 v3.1.10 (3.1.10)
\pgf@path@lastx=\dimen265
\pgf@path@lasty=\dimen266
)
(C:\Users\mk\AppData\Local\Programs\MiKTeX-24-1\tex/generic/pgf/basiclayer\pgfc
orepathusage.code.tex
File: pgfcorepathusage.code.tex 2023-01-15 v3.1.10 (3.1.10)
\pgf@shorten@end@additional=\dimen267
\pgf@shorten@start@additional=\dimen268
)
(C:\Users\mk\AppData\Local\Programs\MiKTeX-24-1\tex/generic/pgf/basiclayer\pgfc
orescopes.code.tex
File: pgfcorescopes.code.tex 2023-01-15 v3.1.10 (3.1.10)
\pgfpic=\box64
\pgf@hbox=\box65
\pgf@layerbox@main=\box66
\pgf@picture@serial@count=\count314
)
(C:\Users\mk\AppData\Local\Programs\MiKTeX-24-1\tex/generic/pgf/basiclayer\pgfc
oregraphicstate.code.tex
File: pgfcoregraphicstate.code.tex 2023-01-15 v3.1.10 (3.1.10)
\pgflinewidth=\dimen269
)
(C:\Users\mk\AppData\Local\Programs\MiKTeX-24-1\tex/generic/pgf/basiclayer\pgfc
oretransformations.code.tex
File: pgfcoretransformations.code.tex 2023-01-15 v3.1.10 (3.1.10)
\pgf@pt@x=\dimen270
\pgf@pt@y=\dimen271
\pgf@pt@temp=\dimen272
)
(C:\Users\mk\AppData\Local\Programs\MiKTeX-24-1\tex/generic/pgf/basiclayer\pgfc
orequick.code.tex
File: pgfcorequick.code.tex 2023-01-15 v3.1.10 (3.1.10)
)
(C:\Users\mk\AppData\Local\Programs\MiKTeX-24-1\tex/generic/pgf/basiclayer\pgfc
oreobjects.code.tex
File: pgfcoreobjects.code.tex 2023-01-15 v3.1.10 (3.1.10)
)
(C:\Users\mk\AppData\Local\Programs\MiKTeX-24-1\tex/generic/pgf/basiclayer\pgfc
orepathprocessing.code.tex
File: pgfcorepathprocessing.code.tex 2023-01-15 v3.1.10 (3.1.10)
)
(C:\Users\mk\AppData\Local\Programs\MiKTeX-24-1\tex/generic/pgf/basiclayer\pgfc
orearrows.code.tex
File: pgfcorearrows.code.tex 2023-01-15 v3.1.10 (3.1.10)
\pgfarrowsep=\dimen273
)
(C:\Users\mk\AppData\Local\Programs\MiKTeX-24-1\tex/generic/pgf/basiclayer\pgfc
oreshade.code.tex
File: pgfcoreshade.code.tex 2023-01-15 v3.1.10 (3.1.10)
\pgf@max=\dimen274
\pgf@sys@shading@range@num=\count315
\pgf@shadingcount=\count316
)
(C:\Users\mk\AppData\Local\Programs\MiKTeX-24-1\tex/generic/pgf/basiclayer\pgfc
oreimage.code.tex
File: pgfcoreimage.code.tex 2023-01-15 v3.1.10 (3.1.10)
)
(C:\Users\mk\AppData\Local\Programs\MiKTeX-24-1\tex/generic/pgf/basiclayer\pgfc
oreexternal.code.tex
File: pgfcoreexternal.code.tex 2023-01-15 v3.1.10 (3.1.10)
\pgfexternal@startupbox=\box67
)
(C:\Users\mk\AppData\Local\Programs\MiKTeX-24-1\tex/generic/pgf/basiclayer\pgfc
orelayers.code.tex
File: pgfcorelayers.code.tex 2023-01-15 v3.1.10 (3.1.10)
)
(C:\Users\mk\AppData\Local\Programs\MiKTeX-24-1\tex/generic/pgf/basiclayer\pgfc
oretransparency.code.tex
File: pgfcoretransparency.code.tex 2023-01-15 v3.1.10 (3.1.10)
)
(C:\Users\mk\AppData\Local\Programs\MiKTeX-24-1\tex/generic/pgf/basiclayer\pgfc
orepatterns.code.tex
File: pgfcorepatterns.code.tex 2023-01-15 v3.1.10 (3.1.10)
)
(C:\Users\mk\AppData\Local\Programs\MiKTeX-24-1\tex/generic/pgf/basiclayer\pgfc
orerdf.code.tex
File: pgfcorerdf.code.tex 2023-01-15 v3.1.10 (3.1.10)
)))
(C:\Users\mk\AppData\Local\Programs\MiKTeX-24-1\tex/latex/pgf/utilities\xxcolor
.sty
Package: xxcolor 2003/10/24 ver 0.1
\XC@nummixins=\count317
\XC@countmixins=\count318
)
(C:\Users\mk\AppData\Local\Programs\MiKTeX-24-1\tex/latex/base\atbegshi-ltx.sty
Package: atbegshi-ltx 2021/01/10 v1.0c Emulation of the original atbegshi
package with kernel methods
)
(C:\Users\mk\AppData\Local\Programs\MiKTeX-24-1\tex/latex/hyperref\hyperref.sty
Package: hyperref 2025-07-12 v7.01o Hypertext links for LaTeX

(C:\Users\mk\AppData\Local\Programs\MiKTeX-24-1\tex/latex/kvsetkeys\kvsetkeys.s
ty
Package: kvsetkeys 2022-10-05 v1.19 Key value parser (HO)
)
(C:\Users\mk\AppData\Local\Programs\MiKTeX-24-1\tex/generic/kvdefinekeys\kvdefi
nekeys.sty
Package: kvdefinekeys 2019-12-19 v1.6 Define keys (HO)
)
(C:\Users\mk\AppData\Local\Programs\MiKTeX-24-1\tex/generic/pdfescape\pdfescape
.sty
Package: pdfescape 2019/12/09 v1.15 Implements pdfTeX's escape features (HO)

(C:\Users\mk\AppData\Local\Programs\MiKTeX-24-1\tex/generic/ltxcmds\ltxcmds.sty
Package: ltxcmds 2023-12-04 v1.26 LaTeX kernel commands for general use (HO)
)
(C:\Users\mk\AppData\Local\Programs\MiKTeX-24-1\tex/generic/pdftexcmds\pdftexcm
ds.sty
Package: pdftexcmds 2020-06-27 v0.33 Utility functions of pdfTeX for LuaTeX (HO
)

(C:\Users\mk\AppData\Local\Programs\MiKTeX-24-1\tex/generic/infwarerr\infwarerr
.sty
Package: infwarerr 2019/12/03 v1.5 Providing info/warning/error messages (HO)
)
Package pdftexcmds Info: \pdf@primitive is available.
Package pdftexcmds Info: \pdf@ifprimitive is available.
Package pdftexcmds Info: \pdfdraftmode not found.
))
(C:\Users\mk\AppData\Local\Programs\MiKTeX-24-1\tex/latex/hycolor\hycolor.sty
Package: hycolor 2020-01-27 v1.10 Color options for hyperref/bookmark (HO)
)
(C:\Users\mk\AppData\Local\Programs\MiKTeX-24-1\tex/latex/hyperref\nameref.sty
Package: nameref 2025-06-21 v2.57 Cross-referencing by name of section

(C:\Users\mk\AppData\Local\Programs\MiKTeX-24-1\tex/latex/refcount\refcount.sty
Package: refcount 2019/12/15 v3.6 Data extraction from label references (HO)
)
(C:\Users\mk\AppData\Local\Programs\MiKTeX-24-1\tex/generic/gettitlestring\gett
itlestring.sty
Package: gettitlestring 2019/12/15 v1.6 Cleanup title references (HO)

(C:\Users\mk\AppData\Local\Programs\MiKTeX-24-1\tex/latex/kvoptions\kvoptions.s
ty
Package: kvoptions 2022-06-15 v3.15 Key value format for package options (HO)
))
\c@section@level=\count319
)
(C:\Users\mk\AppData\Local\Programs\MiKTeX-24-1\tex/generic/stringenc\stringenc
.sty
Package: stringenc 2019/11/29 v1.12 Convert strings between diff. encodings (HO
)
)
\@linkdim=\dimen275
\Hy@linkcounter=\count320
\Hy@pagecounter=\count321

(C:\Users\mk\AppData\Local\Programs\MiKTeX-24-1\tex/latex/hyperref\pd1enc.def
File: pd1enc.def 2025-07-12 v7.01o Hyperref: PDFDocEncoding definition (HO)
)
(C:\Users\mk\AppData\Local\Programs\MiKTeX-24-1\tex/generic/intcalc\intcalc.sty
Package: intcalc 2019/12/15 v1.3 Expandable calculations with integers (HO)
)
\Hy@SavedSpaceFactor=\count322
 (C:\Users\mk\AppData\Local\Programs\MiKTeX-24-1\tex/latex/hyperref\puenc.def
File: puenc.def 2025-07-12 v7.01o Hyperref: PDF Unicode definition (HO)
)
Package hyperref Info: Option `bookmarks' set `true' on input line 4066.
Package hyperref Info: Option `bookmarksopen' set `true' on input line 4066.
Package hyperref Info: Option `implicit' set `false' on input line 4066.
Package hyperref Info: Hyper figures OFF on input line 4195.
Package hyperref Info: Link nesting OFF on input line 4200.
Package hyperref Info: Hyper index ON on input line 4203.
Package hyperref Info: Plain pages OFF on input line 4210.
Package hyperref Info: Backreferencing OFF on input line 4215.
Package hyperref Info: Implicit mode OFF; no redefinition of LaTeX internals.
Package hyperref Info: Bookmarks ON on input line 4462.
\c@Hy@tempcnt=\count323
(C:\Users\mk\AppData\Local\Programs\MiKTeX-24-1\tex/latex/url\url.sty
\Urlmuskip=\muskip17
Package: url 2013/09/16  ver 3.4  Verb mode for urls, etc.
)
LaTeX Info: Redefining \url on input line 4801.
\XeTeXLinkMargin=\dimen276

(C:\Users\mk\AppData\Local\Programs\MiKTeX-24-1\tex/generic/bitset\bitset.sty
Package: bitset 2019/12/09 v1.3 Handle bit-vector datatype (HO)

(C:\Users\mk\AppData\Local\Programs\MiKTeX-24-1\tex/generic/bigintcalc\bigintca
lc.sty
Package: bigintcalc 2019/12/15 v1.5 Expandable calculations on big integers (HO
)
))
\Fld@menulength=\count324
\Field@Width=\dimen277
\Fld@charsize=\dimen278
Package hyperref Info: Hyper figures OFF on input line 6078.
Package hyperref Info: Link nesting OFF on input line 6083.
Package hyperref Info: Hyper index ON on input line 6086.
Package hyperref Info: backreferencing OFF on input line 6093.
Package hyperref Info: Link coloring OFF on input line 6098.
Package hyperref Info: Link coloring with OCG OFF on input line 6103.
Package hyperref Info: PDF/A mode OFF on input line 6108.
\Hy@abspage=\count325


Package hyperref Message: Stopped early.

)
Package hyperref Info: Driver (autodetected): hxetex.
 (C:\Users\mk\AppData\Local\Programs\MiKTeX-24-1\tex/latex/hyperref\hxetex.def
File: hxetex.def 2025-07-12 v7.01o Hyperref driver for XeTeX
\pdfm@box=\box68
\c@Hy@AnnotLevel=\count326
\HyField@AnnotCount=\count327
\Fld@listcount=\count328
\c@bookmark@seq@number=\count329

(C:\Users\mk\AppData\Local\Programs\MiKTeX-24-1\tex/latex/rerunfilecheck\rerunf
ilecheck.sty
Package: rerunfilecheck 2025-06-21 v1.11 Rerun checks for auxiliary files (HO)

(C:\Users\mk\AppData\Local\Programs\MiKTeX-24-1\tex/generic/uniquecounter\uniqu
ecounter.sty
Package: uniquecounter 2019/12/15 v1.4 Provide unlimited unique counter (HO)
)
Package uniquecounter Info: New unique counter `rerunfilecheck' on input line 2
84.
))
(C:\Users\mk\AppData\Local\Programs\MiKTeX-24-1\tex/latex/beamer\beamerbaserequ
ires.sty
(C:\Users\mk\AppData\Local\Programs\MiKTeX-24-1\tex/latex/beamer\beamerbasecomp
atibility.sty)
(C:\Users\mk\AppData\Local\Programs\MiKTeX-24-1\tex/latex/beamer\beamerbasefont
.sty
(C:\Users\mk\AppData\Local\Programs\MiKTeX-24-1\tex/latex/amsfonts\amssymb.sty
Package: amssymb 2013/01/14 v3.01 AMS font symbols

(C:\Users\mk\AppData\Local\Programs\MiKTeX-24-1\tex/latex/amsfonts\amsfonts.sty
Package: amsfonts 2013/01/14 v3.01 Basic AMSFonts support
\@emptytoks=\toks29
\symAMSa=\mathgroup4
\symAMSb=\mathgroup5
LaTeX Font Info:    Redeclaring math symbol \hbar on input line 98.
LaTeX Font Info:    Overwriting math alphabet `\mathfrak' in version `bold'
(Font)                  U/euf/m/n --> U/euf/b/n on input line 106.
))
(C:\Users\mk\AppData\Local\Programs\MiKTeX-24-1\tex/latex/sansmathaccent\sansma
thaccent.sty
Package: sansmathaccent 2020/01/31

(C:\Users\mk\AppData\Local\Programs\MiKTeX-24-1\tex/latex/koma-script\scrlfile.
sty
Package: scrlfile 2025/06/04 v3.45 KOMA-Script package (file load hooks)

(C:\Users\mk\AppData\Local\Programs\MiKTeX-24-1\tex/latex/koma-script\scrlfile-
hook.sty
Package: scrlfile-hook 2025/06/04 v3.45 KOMA-Script package (using LaTeX hooks)


(C:\Users\mk\AppData\Local\Programs\MiKTeX-24-1\tex/latex/koma-script\scrlogo.s
ty
Package: scrlogo 2025/06/04 v3.45 KOMA-Script package (logo)
)))))
(C:\Users\mk\AppData\Local\Programs\MiKTeX-24-1\tex/latex/beamer\beamerbasetran
slator.sty
(C:\Users\mk\AppData\Local\Programs\MiKTeX-24-1\tex/latex/translator\translator
.sty
Package: translator 2021-05-31 v1.12d Easy translation of strings in LaTeX
))
(C:\Users\mk\AppData\Local\Programs\MiKTeX-24-1\tex/latex/beamer\beamerbasemisc
.sty)
(C:\Users\mk\AppData\Local\Programs\MiKTeX-24-1\tex/latex/beamer\beamerbasetwos
creens.sty)
(C:\Users\mk\AppData\Local\Programs\MiKTeX-24-1\tex/latex/beamer\beamerbaseover
lay.sty
\beamer@argscount=\count330
\beamer@lastskipcover=\skip52
\beamer@trivlistdepth=\count331
)
(C:\Users\mk\AppData\Local\Programs\MiKTeX-24-1\tex/latex/beamer\beamerbasetitl
e.sty)
(C:\Users\mk\AppData\Local\Programs\MiKTeX-24-1\tex/latex/beamer\beamerbasesect
ion.sty
\c@lecture=\count332
\c@part=\count333
\c@section=\count334
\c@subsection=\count335
\c@subsubsection=\count336
)
(C:\Users\mk\AppData\Local\Programs\MiKTeX-24-1\tex/latex/beamer\beamerbasefram
e.sty
\beamer@framebox=\box69
\beamer@frametitlebox=\box70
\beamer@zoombox=\box71
\beamer@zoomcount=\count337
\beamer@zoomframecount=\count338
\beamer@frametextheight=\dimen279
\c@subsectionslide=\count339
\beamer@frametopskip=\skip53
\beamer@framebottomskip=\skip54
\beamer@frametopskipautobreak=\skip55
\beamer@framebottomskipautobreak=\skip56
\beamer@envbody=\toks30
\framewidth=\dimen280
\c@framenumber=\count340
)
(C:\Users\mk\AppData\Local\Programs\MiKTeX-24-1\tex/latex/beamer\beamerbaseverb
atim.sty
\beamer@verbatimfileout=\write4
)
(C:\Users\mk\AppData\Local\Programs\MiKTeX-24-1\tex/latex/beamer\beamerbasefram
esize.sty
\beamer@splitbox=\box72
\beamer@autobreakcount=\count341
\beamer@autobreaklastheight=\dimen281
\beamer@frametitletoks=\toks31
\beamer@framesubtitletoks=\toks32
)
(C:\Users\mk\AppData\Local\Programs\MiKTeX-24-1\tex/latex/beamer\beamerbasefram
ecomponents.sty
\beamer@colheight=\skip57
\beamer@footins=\box73
)
(C:\Users\mk\AppData\Local\Programs\MiKTeX-24-1\tex/latex/beamer\beamerbasecolo
r.sty)
(C:\Users\mk\AppData\Local\Programs\MiKTeX-24-1\tex/latex/beamer\beamerbasenote
s.sty
\beamer@frameboxcopy=\box74
)
(C:\Users\mk\AppData\Local\Programs\MiKTeX-24-1\tex/latex/beamer\beamerbasetoc.
sty)
(C:\Users\mk\AppData\Local\Programs\MiKTeX-24-1\tex/latex/beamer\beamerbasetemp
lates.sty
\beamer@sbttoks=\toks33

(C:\Users\mk\AppData\Local\Programs\MiKTeX-24-1\tex/latex/beamer\beamerbaseauxt
emplates.sty
(C:\Users\mk\AppData\Local\Programs\MiKTeX-24-1\tex/latex/beamer\beamerbaseboxe
s.sty
\bmb@box=\box75
\bmb@colorbox=\box76
\bmb@boxwidth=\dimen282
\bmb@boxheight=\dimen283
\bmb@prevheight=\dimen284
\bmb@temp=\dimen285
\bmb@dima=\dimen286
\bmb@dimb=\dimen287
\bmb@prevheight=\dimen288
)
\beamer@blockheadheight=\dimen289
))
(C:\Users\mk\AppData\Local\Programs\MiKTeX-24-1\tex/latex/beamer\beamerbaseloca
lstructure.sty
(C:\Users\mk\AppData\Local\Programs\MiKTeX-24-1\tex/latex/tools\enumerate.sty
Package: enumerate 2023/07/04 v3.00 enumerate extensions (DPC)
\@enLab=\toks34
)
\beamer@bibiconwidth=\skip58
\c@figure=\count342
\c@table=\count343
\abovecaptionskip=\skip59
\belowcaptionskip=\skip60
)
(C:\Users\mk\AppData\Local\Programs\MiKTeX-24-1\tex/latex/beamer\beamerbasenavi
gation.sty
(C:\Users\mk\AppData\Local\Programs\MiKTeX-24-1\tex/latex/beamer\beamerbasenavi
gationsymbols.tex)
\beamer@section@min@dim=\dimen290
)
(C:\Users\mk\AppData\Local\Programs\MiKTeX-24-1\tex/latex/beamer\beamerbasetheo
rems.sty
(C:\Users\mk\AppData\Local\Programs\MiKTeX-24-1\tex/latex/amsmath\amsmath.sty
Package: amsmath 2025/06/16 v2.17y AMS math features
\@mathmargin=\skip61

For additional information on amsmath, use the `?' option.
(C:\Users\mk\AppData\Local\Programs\MiKTeX-24-1\tex/latex/amsmath\amstext.sty
Package: amstext 2024/11/17 v2.01 AMS text

(C:\Users\mk\AppData\Local\Programs\MiKTeX-24-1\tex/latex/amsmath\amsgen.sty
File: amsgen.sty 1999/11/30 v2.0 generic functions
\@emptytoks=\toks35
\ex@=\dimen291
))
(C:\Users\mk\AppData\Local\Programs\MiKTeX-24-1\tex/latex/amsmath\amsbsy.sty
Package: amsbsy 1999/11/29 v1.2d Bold Symbols
\pmbraise@=\dimen292
)
(C:\Users\mk\AppData\Local\Programs\MiKTeX-24-1\tex/latex/amsmath\amsopn.sty
Package: amsopn 2022/04/08 v2.04 operator names
)
\inf@bad=\count344
LaTeX Info: Redefining \frac on input line 233.
\uproot@=\count345
\leftroot@=\count346
LaTeX Info: Redefining \overline on input line 398.
LaTeX Info: Redefining \colon on input line 409.
\classnum@=\count347
\DOTSCASE@=\count348
LaTeX Info: Redefining \ldots on input line 495.
LaTeX Info: Redefining \dots on input line 498.
LaTeX Info: Redefining \cdots on input line 619.
\Mathstrutbox@=\box77
\strutbox@=\box78
LaTeX Info: Redefining \big on input line 721.
LaTeX Info: Redefining \Big on input line 722.
LaTeX Info: Redefining \bigg on input line 723.
LaTeX Info: Redefining \Bigg on input line 724.
\big@size=\dimen293
LaTeX Font Info:    Redeclaring font encoding OML on input line 742.
LaTeX Font Info:    Redeclaring font encoding OMS on input line 743.
\macc@depth=\count349
LaTeX Info: Redefining \bmod on input line 904.
LaTeX Info: Redefining \pmod on input line 909.
LaTeX Info: Redefining \smash on input line 939.
LaTeX Info: Redefining \relbar on input line 969.
LaTeX Info: Redefining \Relbar on input line 970.
\c@MaxMatrixCols=\count350
\dotsspace@=\muskip18
\c@parentequation=\count351
\dspbrk@lvl=\count352
\tag@help=\toks36
\row@=\count353
\column@=\count354
\maxfields@=\count355
\andhelp@=\toks37
\eqnshift@=\dimen294
\alignsep@=\dimen295
\tagshift@=\dimen296
\tagwidth@=\dimen297
\totwidth@=\dimen298
\lineht@=\dimen299
\@envbody=\toks38
\multlinegap=\skip62
\multlinetaggap=\skip63
\mathdisplay@stack=\toks39
LaTeX Info: Redefining \[ on input line 2949.
LaTeX Info: Redefining \] on input line 2950.
)
(C:\Users\mk\AppData\Local\Programs\MiKTeX-24-1\tex/latex/amscls\amsthm.sty
Package: amsthm 2020/05/29 v2.20.6
\thm@style=\toks40
\thm@bodyfont=\toks41
\thm@headfont=\toks42
\thm@notefont=\toks43
\thm@headpunct=\toks44
\thm@preskip=\skip64
\thm@postskip=\skip65
\thm@headsep=\skip66
\dth@everypar=\toks45
)
\c@theorem=\count356
)
(C:\Users\mk\AppData\Local\Programs\MiKTeX-24-1\tex/latex/beamer\beamerbasethem
es.sty))
(C:\Users\mk\AppData\Local\Programs\MiKTeX-24-1\tex/latex/beamer\beamerthemedef
ault.sty
(C:\Users\mk\AppData\Local\Programs\MiKTeX-24-1\tex/latex/beamer\beamerfontthem
edefault.sty)
(C:\Users\mk\AppData\Local\Programs\MiKTeX-24-1\tex/latex/beamer\beamercolorthe
medefault.sty)
(C:\Users\mk\AppData\Local\Programs\MiKTeX-24-1\tex/latex/beamer\beamerinnerthe
medefault.sty
\beamer@dima=\dimen300
\beamer@dimb=\dimen301
)
(C:\Users\mk\AppData\Local\Programs\MiKTeX-24-1\tex/latex/beamer\beamerouterthe
medefault.sty)))

! LaTeX Error: File `settings/packages.tex' not found.

Type X to quit or <RETURN> to proceed,
or enter new name. (Default extension: tex)

Enter file name: 
e:/ArbeitsOrdner/Aktivitäten/Beamer-Tutorial_mk/169/Workshop-169.tex:9: Emergen
cy stop.
<read *> 
         
l.9 \input{settings/packages}
                             ^^M
*** (cannot \read from terminal in nonstop modes)

 
Here is how much of TeX's memory you used:
 20005 strings out of 403252
 373505 string characters out of 5460528
 761103 words of memory out of 5000000
 48117 multiletter control sequences out of 15000+600000
 627201 words of font info for 43 fonts, out of 8000000 for 9000
 1348 hyphenation exceptions out of 8191
 128i,0n,123p,477b,337s stack positions out of 10000i,1000n,20000p,200000b,200000s
No pages of output.
