This is pdfTeX, Version 3.141592653-2.6-1.40.25 (MiKTeX 23.5) (preloaded format=pdflatex 2023.5.15)  31 OCT 2023 20:30
entering extended mode
 restricted \write18 enabled.
 file:line:error style messages enabled.
 %&-line parsing enabled.
**c:/Users/mk/Desktop/Aktivitäten/Beamer-Tutorial_mk/Workshop-43.tex
(c:/Users/mk/Desktop/Aktivitäten/Beamer-Tutorial_mk/Workshop-43.tex
LaTeX2e <2022-11-01> patch level 1
L3 programming layer <2023-05-11> (C:\Program Files\MiKTeX\tex/latex/beamer\beamer.cls
Document Class: beamer 2023/02/20 v3.69 A class for typesetting presentations
(C:\Program Files\MiKTeX\tex/latex/beamer\beamerbasemodes.sty (C:\Program Files\MiKTeX\tex/latex/etoolbox\etoolbox.sty
Package: etoolbox 2020/10/05 v2.5k e-TeX tools for LaTeX (JAW)
\etb@tempcnta=\count185
)
\beamer@tempbox=\box51
\beamer@tempcount=\count186
\c@beamerpauses=\count187
 (C:\Program Files\MiKTeX\tex/latex/beamer\beamerbasedecode.sty
\beamer@slideinframe=\count188
\beamer@minimum=\count189
\beamer@decode@box=\box52
)
\beamer@commentbox=\box53
\beamer@modecount=\count190
) (C:\Program Files\MiKTeX\tex/generic/iftex\iftex.sty
Package: iftex 2022/02/03 v1.0f TeX engine tests
)
\headdp=\dimen140
\footheight=\dimen141
\sidebarheight=\dimen142
\beamer@tempdim=\dimen143
\beamer@finalheight=\dimen144
\beamer@animht=\dimen145
\beamer@animdp=\dimen146
\beamer@animwd=\dimen147
\beamer@leftmargin=\dimen148
\beamer@rightmargin=\dimen149
\beamer@leftsidebar=\dimen150
\beamer@rightsidebar=\dimen151
\beamer@boxsize=\dimen152
\beamer@vboxoffset=\dimen153
\beamer@descdefault=\dimen154
\beamer@descriptionwidth=\dimen155
\beamer@lastskip=\skip48
\beamer@areabox=\box54
\beamer@animcurrent=\box55
\beamer@animshowbox=\box56
\beamer@sectionbox=\box57
\beamer@logobox=\box58
\beamer@linebox=\box59
\beamer@sectioncount=\count191
\beamer@subsubsectionmax=\count192
\beamer@subsectionmax=\count193
\beamer@sectionmax=\count194
\beamer@totalheads=\count195
\beamer@headcounter=\count196
\beamer@partstartpage=\count197
\beamer@sectionstartpage=\count198
\beamer@subsectionstartpage=\count199
\beamer@animationtempa=\count266
\beamer@animationtempb=\count267
\beamer@xpos=\count268
\beamer@ypos=\count269
\beamer@ypos@offset=\count270
\beamer@showpartnumber=\count271
\beamer@currentsubsection=\count272
\beamer@coveringdepth=\count273
\beamer@sectionadjust=\count274
\beamer@toclastsection=\count275
\beamer@tocsectionnumber=\count276
 (C:\Program Files\MiKTeX\tex/latex/beamer\beamerbaseoptions.sty (C:\Program Files\MiKTeX\tex/latex/graphics\keyval.sty
Package: keyval 2022/05/29 v1.15 key=value parser (DPC)
\KV@toks@=\toks16
))
\beamer@paperwidth=\skip49
\beamer@paperheight=\skip50
 (C:\Program Files\MiKTeX\tex/latex/geometry\geometry.sty
Package: geometry 2020/01/02 v5.9 Page Geometry
 (C:\Program Files\MiKTeX\tex/generic/iftex\ifvtex.sty
Package: ifvtex 2019/10/25 v1.7 ifvtex legacy package. Use iftex instead.
)
\Gm@cnth=\count277
\Gm@cntv=\count278
\c@Gm@tempcnt=\count279
\Gm@bindingoffset=\dimen156
\Gm@wd@mp=\dimen157
\Gm@odd@mp=\dimen158
\Gm@even@mp=\dimen159
\Gm@layoutwidth=\dimen160
\Gm@layoutheight=\dimen161
\Gm@layouthoffset=\dimen162
\Gm@layoutvoffset=\dimen163
\Gm@dimlist=\toks17
 (C:\Program Files\MiKTeX\tex/latex/geometry\geometry.cfg)) (C:\Program Files\MiKTeX\tex/latex/pgf/math\pgfmath.sty (C:\Program Files\MiKTeX\tex/latex/pgf/utilities\pgfrcs.sty (C:\Program Files\MiKTeX\tex/generic/pgf/utilities\pgfutil-common.tex
\pgfutil@everybye=\toks18
\pgfutil@tempdima=\dimen164
\pgfutil@tempdimb=\dimen165
) (C:\Program Files\MiKTeX\tex/generic/pgf/utilities\pgfutil-latex.def
\pgfutil@abb=\box60
) (C:\Program Files\MiKTeX\tex/generic/pgf/utilities\pgfrcs.code.tex (C:\Program Files\MiKTeX\tex/generic/pgf\pgf.revision.tex)
Package: pgfrcs 2023-01-15 v3.1.10 (3.1.10)
)) (C:\Program Files\MiKTeX\tex/latex/pgf/utilities\pgfkeys.sty (C:\Program Files\MiKTeX\tex/generic/pgf/utilities\pgfkeys.code.tex
\pgfkeys@pathtoks=\toks19
\pgfkeys@temptoks=\toks20
 (C:\Program Files\MiKTeX\tex/generic/pgf/utilities\pgfkeyslibraryfiltered.code.tex
\pgfkeys@tmptoks=\toks21
))) (C:\Program Files\MiKTeX\tex/generic/pgf/math\pgfmath.code.tex (C:\Program Files\MiKTeX\tex/generic/pgf/math\pgfmathutil.code.tex
\pgf@x=\dimen166
\pgf@xa=\dimen167
\pgf@xb=\dimen168
\pgf@xc=\dimen169
\pgf@y=\dimen170
\pgf@ya=\dimen171
\pgf@yb=\dimen172
\pgf@yc=\dimen173
\c@pgf@counta=\count280
\c@pgf@countb=\count281
\c@pgf@countc=\count282
\c@pgf@countd=\count283
) (C:\Program Files\MiKTeX\tex/generic/pgf/math\pgfmathparser.code.tex
\pgfmath@dimen=\dimen174
\pgfmath@count=\count284
\pgfmath@box=\box61
\pgfmath@toks=\toks22
\pgfmath@stack@operand=\toks23
\pgfmath@stack@operation=\toks24
) (C:\Program Files\MiKTeX\tex/generic/pgf/math\pgfmathfunctions.code.tex) (C:\Program Files\MiKTeX\tex/generic/pgf/math\pgfmathfunctions.basic.code.tex) (C:\Program Files\MiKTeX\tex/generic/pgf/math\pgfmathfunctions.trigonometric.code.tex) (C:\Program Files\MiKTeX\tex/generic/pgf/math\pgfmathfunctions.random.code.tex) (C:\Program Files\MiKTeX\tex/generic/pgf/math\pgfmathfunctions.comparison.code.tex) (C:\Program Files\MiKTeX\tex/generic/pgf/math\pgfmathfunctions.base.code.tex) (C:\Program Files\MiKTeX\tex/generic/pgf/math\pgfmathfunctions.round.code.tex) (C:\Program Files\MiKTeX\tex/generic/pgf/math\pgfmathfunctions.misc.code.tex) (C:\Program Files\MiKTeX\tex/generic/pgf/math\pgfmathfunctions.integerarithmetics.code.tex) (C:\Program Files\MiKTeX\tex/generic/pgf/math\pgfmathcalc.code.tex) (C:\Program Files\MiKTeX\tex/generic/pgf/math\pgfmathfloat.code.tex
\c@pgfmathroundto@lastzeros=\count285
))) (C:\Program Files\MiKTeX\tex/latex/base\size11.clo
File: size11.clo 2022/07/02 v1.4n Standard LaTeX file (size option)
) (C:\Program Files\MiKTeX\tex/latex/pgf/basiclayer\pgfcore.sty (C:\Program Files\MiKTeX\tex/latex/graphics\graphicx.sty
Package: graphicx 2021/09/16 v1.2d Enhanced LaTeX Graphics (DPC,SPQR)
 (C:\Program Files\MiKTeX\tex/latex/graphics\graphics.sty
Package: graphics 2022/03/10 v1.4e Standard LaTeX Graphics (DPC,SPQR)
 (C:\Program Files\MiKTeX\tex/latex/graphics\trig.sty
Package: trig 2021/08/11 v1.11 sin cos tan (DPC)
) (C:\Program Files\MiKTeX\tex/latex/graphics-cfg\graphics.cfg
File: graphics.cfg 2016/06/04 v1.11 sample graphics configuration
)
Package graphics Info: Driver file: pdftex.def on input line 107.
 (C:\Program Files\MiKTeX\tex/latex/graphics-def\pdftex.def
File: pdftex.def 2022/09/22 v1.2b Graphics/color driver for pdftex
))
\Gin@req@height=\dimen175
\Gin@req@width=\dimen176
) (C:\Program Files\MiKTeX\tex/latex/pgf/systemlayer\pgfsys.sty (C:\Program Files\MiKTeX\tex/generic/pgf/systemlayer\pgfsys.code.tex
Package: pgfsys 2023-01-15 v3.1.10 (3.1.10)
\pgf@x=\dimen177
\pgf@y=\dimen178
\pgf@xa=\dimen179
\pgf@ya=\dimen180
\pgf@xb=\dimen181
\pgf@yb=\dimen182
\pgf@xc=\dimen183
\pgf@yc=\dimen184
\pgf@xd=\dimen185
\pgf@yd=\dimen186
\w@pgf@writea=\write3
\r@pgf@reada=\read2
\c@pgf@counta=\count286
\c@pgf@countb=\count287
\c@pgf@countc=\count288
\c@pgf@countd=\count289
\t@pgf@toka=\toks25
\t@pgf@tokb=\toks26
\t@pgf@tokc=\toks27
\pgf@sys@id@count=\count290
 (C:\Program Files\MiKTeX\tex/generic/pgf/systemlayer\pgf.cfg
File: pgf.cfg 2023-01-15 v3.1.10 (3.1.10)
)
Driver file for pgf: pgfsys-pdftex.def
 (C:\Program Files\MiKTeX\tex/generic/pgf/systemlayer\pgfsys-pdftex.def
File: pgfsys-pdftex.def 2023-01-15 v3.1.10 (3.1.10)
 (C:\Program Files\MiKTeX\tex/generic/pgf/systemlayer\pgfsys-common-pdf.def
File: pgfsys-common-pdf.def 2023-01-15 v3.1.10 (3.1.10)
))) (C:\Program Files\MiKTeX\tex/generic/pgf/systemlayer\pgfsyssoftpath.code.tex
File: pgfsyssoftpath.code.tex 2023-01-15 v3.1.10 (3.1.10)
\pgfsyssoftpath@smallbuffer@items=\count291
\pgfsyssoftpath@bigbuffer@items=\count292
) (C:\Program Files\MiKTeX\tex/generic/pgf/systemlayer\pgfsysprotocol.code.tex
File: pgfsysprotocol.code.tex 2023-01-15 v3.1.10 (3.1.10)
)) (C:\Program Files\MiKTeX\tex/latex/xcolor\xcolor.sty
Package: xcolor 2022/06/12 v2.14 LaTeX color extensions (UK)
 (C:\Program Files\MiKTeX\tex/latex/graphics-cfg\color.cfg
File: color.cfg 2016/01/02 v1.6 sample color configuration
)
Package xcolor Info: Driver file: pdftex.def on input line 227.
 (C:\Program Files\MiKTeX\tex/latex/graphics\mathcolor.ltx)
Package xcolor Info: Model `cmy' substituted by `cmy0' on input line 1353.
Package xcolor Info: Model `hsb' substituted by `rgb' on input line 1357.
Package xcolor Info: Model `RGB' extended on input line 1369.
Package xcolor Info: Model `HTML' substituted by `rgb' on input line 1371.
Package xcolor Info: Model `Hsb' substituted by `hsb' on input line 1372.
Package xcolor Info: Model `tHsb' substituted by `hsb' on input line 1373.
Package xcolor Info: Model `HSB' substituted by `hsb' on input line 1374.
Package xcolor Info: Model `Gray' substituted by `gray' on input line 1375.
Package xcolor Info: Model `wave' substituted by `hsb' on input line 1376.
) (C:\Program Files\MiKTeX\tex/generic/pgf/basiclayer\pgfcore.code.tex
Package: pgfcore 2023-01-15 v3.1.10 (3.1.10)
 (C:\Program Files\MiKTeX\tex/generic/pgf/math\pgfint.code.tex) (C:\Program Files\MiKTeX\tex/generic/pgf/basiclayer\pgfcorepoints.code.tex
File: pgfcorepoints.code.tex 2023-01-15 v3.1.10 (3.1.10)
\pgf@picminx=\dimen187
\pgf@picmaxx=\dimen188
\pgf@picminy=\dimen189
\pgf@picmaxy=\dimen190
\pgf@pathminx=\dimen191
\pgf@pathmaxx=\dimen192
\pgf@pathminy=\dimen193
\pgf@pathmaxy=\dimen194
\pgf@xx=\dimen195
\pgf@xy=\dimen196
\pgf@yx=\dimen197
\pgf@yy=\dimen198
\pgf@zx=\dimen199
\pgf@zy=\dimen256
) (C:\Program Files\MiKTeX\tex/generic/pgf/basiclayer\pgfcorepathconstruct.code.tex
File: pgfcorepathconstruct.code.tex 2023-01-15 v3.1.10 (3.1.10)
\pgf@path@lastx=\dimen257
\pgf@path@lasty=\dimen258
) (C:\Program Files\MiKTeX\tex/generic/pgf/basiclayer\pgfcorepathusage.code.tex
File: pgfcorepathusage.code.tex 2023-01-15 v3.1.10 (3.1.10)
\pgf@shorten@end@additional=\dimen259
\pgf@shorten@start@additional=\dimen260
) (C:\Program Files\MiKTeX\tex/generic/pgf/basiclayer\pgfcorescopes.code.tex
File: pgfcorescopes.code.tex 2023-01-15 v3.1.10 (3.1.10)
\pgfpic=\box62
\pgf@hbox=\box63
\pgf@layerbox@main=\box64
\pgf@picture@serial@count=\count293
) (C:\Program Files\MiKTeX\tex/generic/pgf/basiclayer\pgfcoregraphicstate.code.tex
File: pgfcoregraphicstate.code.tex 2023-01-15 v3.1.10 (3.1.10)
\pgflinewidth=\dimen261
) (C:\Program Files\MiKTeX\tex/generic/pgf/basiclayer\pgfcoretransformations.code.tex
File: pgfcoretransformations.code.tex 2023-01-15 v3.1.10 (3.1.10)
\pgf@pt@x=\dimen262
\pgf@pt@y=\dimen263
\pgf@pt@temp=\dimen264
) (C:\Program Files\MiKTeX\tex/generic/pgf/basiclayer\pgfcorequick.code.tex
File: pgfcorequick.code.tex 2023-01-15 v3.1.10 (3.1.10)
) (C:\Program Files\MiKTeX\tex/generic/pgf/basiclayer\pgfcoreobjects.code.tex
File: pgfcoreobjects.code.tex 2023-01-15 v3.1.10 (3.1.10)
) (C:\Program Files\MiKTeX\tex/generic/pgf/basiclayer\pgfcorepathprocessing.code.tex
File: pgfcorepathprocessing.code.tex 2023-01-15 v3.1.10 (3.1.10)
) (C:\Program Files\MiKTeX\tex/generic/pgf/basiclayer\pgfcorearrows.code.tex
File: pgfcorearrows.code.tex 2023-01-15 v3.1.10 (3.1.10)
\pgfarrowsep=\dimen265
) (C:\Program Files\MiKTeX\tex/generic/pgf/basiclayer\pgfcoreshade.code.tex
File: pgfcoreshade.code.tex 2023-01-15 v3.1.10 (3.1.10)
\pgf@max=\dimen266
\pgf@sys@shading@range@num=\count294
\pgf@shadingcount=\count295
) (C:\Program Files\MiKTeX\tex/generic/pgf/basiclayer\pgfcoreimage.code.tex
File: pgfcoreimage.code.tex 2023-01-15 v3.1.10 (3.1.10)
) (C:\Program Files\MiKTeX\tex/generic/pgf/basiclayer\pgfcoreexternal.code.tex
File: pgfcoreexternal.code.tex 2023-01-15 v3.1.10 (3.1.10)
\pgfexternal@startupbox=\box65
) (C:\Program Files\MiKTeX\tex/generic/pgf/basiclayer\pgfcorelayers.code.tex
File: pgfcorelayers.code.tex 2023-01-15 v3.1.10 (3.1.10)
) (C:\Program Files\MiKTeX\tex/generic/pgf/basiclayer\pgfcoretransparency.code.tex
File: pgfcoretransparency.code.tex 2023-01-15 v3.1.10 (3.1.10)
) (C:\Program Files\MiKTeX\tex/generic/pgf/basiclayer\pgfcorepatterns.code.tex
File: pgfcorepatterns.code.tex 2023-01-15 v3.1.10 (3.1.10)
) (C:\Program Files\MiKTeX\tex/generic/pgf/basiclayer\pgfcorerdf.code.tex
File: pgfcorerdf.code.tex 2023-01-15 v3.1.10 (3.1.10)
))) (C:\Program Files\MiKTeX\tex/latex/pgf/utilities\xxcolor.sty
Package: xxcolor 2003/10/24 ver 0.1
\XC@nummixins=\count296
\XC@countmixins=\count297
) (C:\Program Files\MiKTeX\tex/latex/base\atbegshi-ltx.sty
Package: atbegshi-ltx 2021/01/10 v1.0c Emulation of the original atbegshi
package with kernel methods
) (C:\Program Files\MiKTeX\tex/latex/hyperref\hyperref.sty
Package: hyperref 2023-04-22 v7.00x Hypertext links for LaTeX
 (C:\Program Files\MiKTeX\tex/generic/ltxcmds\ltxcmds.sty
Package: ltxcmds 2020-05-10 v1.25 LaTeX kernel commands for general use (HO)
) (C:\Program Files\MiKTeX\tex/generic/pdftexcmds\pdftexcmds.sty
Package: pdftexcmds 2020-06-27 v0.33 Utility functions of pdfTeX for LuaTeX (HO)
 (C:\Program Files\MiKTeX\tex/generic/infwarerr\infwarerr.sty
Package: infwarerr 2019/12/03 v1.5 Providing info/warning/error messages (HO)
)
Package pdftexcmds Info: \pdf@primitive is available.
Package pdftexcmds Info: \pdf@ifprimitive is available.
Package pdftexcmds Info: \pdfdraftmode found.
) (C:\Program Files\MiKTeX\tex/latex/kvsetkeys\kvsetkeys.sty
Package: kvsetkeys 2022-10-05 v1.19 Key value parser (HO)
) (C:\Program Files\MiKTeX\tex/generic/kvdefinekeys\kvdefinekeys.sty
Package: kvdefinekeys 2019-12-19 v1.6 Define keys (HO)
) (C:\Program Files\MiKTeX\tex/generic/pdfescape\pdfescape.sty
Package: pdfescape 2019/12/09 v1.15 Implements pdfTeX's escape features (HO)
) (C:\Program Files\MiKTeX\tex/latex/hycolor\hycolor.sty
Package: hycolor 2020-01-27 v1.10 Color options for hyperref/bookmark (HO)
) (C:\Program Files\MiKTeX\tex/latex/letltxmacro\letltxmacro.sty
Package: letltxmacro 2019/12/03 v1.6 Let assignment for LaTeX macros (HO)
) (C:\Program Files\MiKTeX\tex/latex/auxhook\auxhook.sty
Package: auxhook 2019-12-17 v1.6 Hooks for auxiliary files (HO)
) (C:\Program Files\MiKTeX\tex/latex/hyperref\nameref.sty
Package: nameref 2022-05-17 v2.50 Cross-referencing by name of section
 (C:\Program Files\MiKTeX\tex/latex/refcount\refcount.sty
Package: refcount 2019/12/15 v3.6 Data extraction from label references (HO)
) (C:\Program Files\MiKTeX\tex/generic/gettitlestring\gettitlestring.sty
Package: gettitlestring 2019/12/15 v1.6 Cleanup title references (HO)
 (C:\Program Files\MiKTeX\tex/latex/kvoptions\kvoptions.sty
Package: kvoptions 2022-06-15 v3.15 Key value format for package options (HO)
))
\c@section@level=\count298
)
\@linkdim=\dimen267
\Hy@linkcounter=\count299
\Hy@pagecounter=\count300
 (C:\Program Files\MiKTeX\tex/latex/hyperref\pd1enc.def
File: pd1enc.def 2023-04-22 v7.00x Hyperref: PDFDocEncoding definition (HO)
Now handling font encoding PD1 ...
... no UTF-8 mapping file for font encoding PD1
) (C:\Program Files\MiKTeX\tex/generic/intcalc\intcalc.sty
Package: intcalc 2019/12/15 v1.3 Expandable calculations with integers (HO)
)
\Hy@SavedSpaceFactor=\count301
 (C:\Program Files\MiKTeX\tex/latex/hyperref\puenc.def
File: puenc.def 2023-04-22 v7.00x Hyperref: PDF Unicode definition (HO)
Now handling font encoding PU ...
... no UTF-8 mapping file for font encoding PU
)
Package hyperref Info: Option `bookmarks' set `true' on input line 4065.
Package hyperref Info: Option `bookmarksopen' set `true' on input line 4065.
Package hyperref Info: Option `implicit' set `false' on input line 4065.
Package hyperref Info: Hyper figures OFF on input line 4182.
Package hyperref Info: Link nesting OFF on input line 4187.
Package hyperref Info: Hyper index ON on input line 4190.
Package hyperref Info: Plain pages OFF on input line 4197.
Package hyperref Info: Backreferencing OFF on input line 4202.
Package hyperref Info: Implicit mode OFF; no redefinition of LaTeX internals.
Package hyperref Info: Bookmarks ON on input line 4449.
\c@Hy@tempcnt=\count302
 (C:\Program Files\MiKTeX\tex/latex/url\url.sty
\Urlmuskip=\muskip16
Package: url 2013/09/16  ver 3.4  Verb mode for urls, etc.
)
LaTeX Info: Redefining \url on input line 4787.
\XeTeXLinkMargin=\dimen268
 (C:\Program Files\MiKTeX\tex/generic/bitset\bitset.sty
Package: bitset 2019/12/09 v1.3 Handle bit-vector datatype (HO)
 (C:\Program Files\MiKTeX\tex/generic/bigintcalc\bigintcalc.sty
Package: bigintcalc 2019/12/15 v1.5 Expandable calculations on big integers (HO)
))
\Fld@menulength=\count303
\Field@Width=\dimen269
\Fld@charsize=\dimen270
Package hyperref Info: Hyper figures OFF on input line 6066.
Package hyperref Info: Link nesting OFF on input line 6071.
Package hyperref Info: Hyper index ON on input line 6074.
Package hyperref Info: backreferencing OFF on input line 6081.
Package hyperref Info: Link coloring OFF on input line 6086.
Package hyperref Info: Link coloring with OCG OFF on input line 6091.
Package hyperref Info: PDF/A mode OFF on input line 6096.
\Hy@abspage=\count304


Package hyperref Message: Stopped early.

)
Package hyperref Info: Driver (autodetected): hpdftex.
 (C:\Program Files\MiKTeX\tex/latex/hyperref\hpdftex.def
File: hpdftex.def 2023-04-22 v7.00x Hyperref driver for pdfTeX
 (C:\Program Files\MiKTeX\tex/latex/base\atveryend-ltx.sty
Package: atveryend-ltx 2020/08/19 v1.0a Emulation of the original atveryend package
with kernel methods
)
\Fld@listcount=\count305
\c@bookmark@seq@number=\count306
 (C:\Program Files\MiKTeX\tex/latex/rerunfilecheck\rerunfilecheck.sty
Package: rerunfilecheck 2022-07-10 v1.10 Rerun checks for auxiliary files (HO)
 (C:\Program Files\MiKTeX\tex/generic/uniquecounter\uniquecounter.sty
Package: uniquecounter 2019/12/15 v1.4 Provide unlimited unique counter (HO)
)
Package uniquecounter Info: New unique counter `rerunfilecheck' on input line 285.
)) (C:\Program Files\MiKTeX\tex/latex/beamer\beamerbaserequires.sty (C:\Program Files\MiKTeX\tex/latex/beamer\beamerbasecompatibility.sty) (C:\Program Files\MiKTeX\tex/latex/beamer\beamerbasefont.sty (C:\Program Files\MiKTeX\tex/latex/amsfonts\amssymb.sty
Package: amssymb 2013/01/14 v3.01 AMS font symbols
 (C:\Program Files\MiKTeX\tex/latex/amsfonts\amsfonts.sty
Package: amsfonts 2013/01/14 v3.01 Basic AMSFonts support
\@emptytoks=\toks28
\symAMSa=\mathgroup4
\symAMSb=\mathgroup5
LaTeX Font Info:    Redeclaring math symbol \hbar on input line 98.
LaTeX Font Info:    Overwriting math alphabet `\mathfrak' in version `bold'
(Font)                  U/euf/m/n --> U/euf/b/n on input line 106.
)) (C:\Program Files\MiKTeX\tex/latex/sansmathaccent\sansmathaccent.sty
Package: sansmathaccent 2020/01/31
 (C:\Program Files\MiKTeX\tex/latex/koma-script\scrlfile.sty
Package: scrlfile 2023/04/24 v3.40 KOMA-Script package (file load hooks)
 (C:\Program Files\MiKTeX\tex/latex/koma-script\scrlfile-hook.sty
Package: scrlfile-hook 2023/04/24 v3.40 KOMA-Script package (using LaTeX hooks)
 (C:\Program Files\MiKTeX\tex/latex/koma-script\scrlogo.sty
Package: scrlogo 2023/04/24 v3.40 KOMA-Script package (logo)
))))) (C:\Program Files\MiKTeX\tex/latex/beamer\beamerbasetranslator.sty (C:\Program Files\MiKTeX\tex/latex/translator\translator.sty
Package: translator 2021-05-31 v1.12d Easy translation of strings in LaTeX
)) (C:\Program Files\MiKTeX\tex/latex/beamer\beamerbasemisc.sty) (C:\Program Files\MiKTeX\tex/latex/beamer\beamerbasetwoscreens.sty) (C:\Program Files\MiKTeX\tex/latex/beamer\beamerbaseoverlay.sty
\beamer@argscount=\count307
\beamer@lastskipcover=\skip51
\beamer@trivlistdepth=\count308
) (C:\Program Files\MiKTeX\tex/latex/beamer\beamerbasetitle.sty) (C:\Program Files\MiKTeX\tex/latex/beamer\beamerbasesection.sty
\c@lecture=\count309
\c@part=\count310
\c@section=\count311
\c@subsection=\count312
\c@subsubsection=\count313
) (C:\Program Files\MiKTeX\tex/latex/beamer\beamerbaseframe.sty
\beamer@framebox=\box66
\beamer@frametitlebox=\box67
\beamer@zoombox=\box68
\beamer@zoomcount=\count314
\beamer@zoomframecount=\count315
\beamer@frametextheight=\dimen271
\c@subsectionslide=\count316
\beamer@frametopskip=\skip52
\beamer@framebottomskip=\skip53
\beamer@frametopskipautobreak=\skip54
\beamer@framebottomskipautobreak=\skip55
\beamer@envbody=\toks29
\framewidth=\dimen272
\c@framenumber=\count317
) (C:\Program Files\MiKTeX\tex/latex/beamer\beamerbaseverbatim.sty
\beamer@verbatimfileout=\write4
) (C:\Program Files\MiKTeX\tex/latex/beamer\beamerbaseframesize.sty
\beamer@splitbox=\box69
\beamer@autobreakcount=\count318
\beamer@autobreaklastheight=\dimen273
\beamer@frametitletoks=\toks30
\beamer@framesubtitletoks=\toks31
) (C:\Program Files\MiKTeX\tex/latex/beamer\beamerbaseframecomponents.sty
\beamer@footins=\box70
) (C:\Program Files\MiKTeX\tex/latex/beamer\beamerbasecolor.sty) (C:\Program Files\MiKTeX\tex/latex/beamer\beamerbasenotes.sty
\beamer@frameboxcopy=\box71
) (C:\Program Files\MiKTeX\tex/latex/beamer\beamerbasetoc.sty) (C:\Program Files\MiKTeX\tex/latex/beamer\beamerbasetemplates.sty
\beamer@sbttoks=\toks32
 (C:\Program Files\MiKTeX\tex/latex/beamer\beamerbaseauxtemplates.sty (C:\Program Files\MiKTeX\tex/latex/beamer\beamerbaseboxes.sty
\bmb@box=\box72
\bmb@colorbox=\box73
\bmb@boxwidth=\dimen274
\bmb@boxheight=\dimen275
\bmb@prevheight=\dimen276
\bmb@temp=\dimen277
\bmb@dima=\dimen278
\bmb@dimb=\dimen279
\bmb@prevheight=\dimen280
)
\beamer@blockheadheight=\dimen281
)) (C:\Program Files\MiKTeX\tex/latex/beamer\beamerbaselocalstructure.sty (C:\Program Files\MiKTeX\tex/latex/tools\enumerate.sty
Package: enumerate 2015/07/23 v3.00 enumerate extensions (DPC)
\@enLab=\toks33
)
\beamer@bibiconwidth=\skip56
\c@figure=\count319
\c@table=\count320
\abovecaptionskip=\skip57
\belowcaptionskip=\skip58
) (C:\Program Files\MiKTeX\tex/latex/beamer\beamerbasenavigation.sty (C:\Program Files\MiKTeX\tex/latex/beamer\beamerbasenavigationsymbols.tex)
\beamer@section@min@dim=\dimen282
) (C:\Program Files\MiKTeX\tex/latex/beamer\beamerbasetheorems.sty (C:\Program Files\MiKTeX\tex/latex/amsmath\amsmath.sty
Package: amsmath 2022/04/08 v2.17n AMS math features
\@mathmargin=\skip59

For additional information on amsmath, use the `?' option.
(C:\Program Files\MiKTeX\tex/latex/amsmath\amstext.sty
Package: amstext 2021/08/26 v2.01 AMS text
 (C:\Program Files\MiKTeX\tex/latex/amsmath\amsgen.sty
File: amsgen.sty 1999/11/30 v2.0 generic functions
\@emptytoks=\toks34
\ex@=\dimen283
)) (C:\Program Files\MiKTeX\tex/latex/amsmath\amsbsy.sty
Package: amsbsy 1999/11/29 v1.2d Bold Symbols
\pmbraise@=\dimen284
) (C:\Program Files\MiKTeX\tex/latex/amsmath\amsopn.sty
Package: amsopn 2022/04/08 v2.04 operator names
)
\inf@bad=\count321
LaTeX Info: Redefining \frac on input line 234.
\uproot@=\count322
\leftroot@=\count323
LaTeX Info: Redefining \overline on input line 399.
LaTeX Info: Redefining \colon on input line 410.
\classnum@=\count324
\DOTSCASE@=\count325
LaTeX Info: Redefining \ldots on input line 496.
LaTeX Info: Redefining \dots on input line 499.
LaTeX Info: Redefining \cdots on input line 620.
\Mathstrutbox@=\box74
\strutbox@=\box75
LaTeX Info: Redefining \big on input line 722.
LaTeX Info: Redefining \Big on input line 723.
LaTeX Info: Redefining \bigg on input line 724.
LaTeX Info: Redefining \Bigg on input line 725.
\big@size=\dimen285
LaTeX Font Info:    Redeclaring font encoding OML on input line 743.
LaTeX Font Info:    Redeclaring font encoding OMS on input line 744.
\macc@depth=\count326
LaTeX Info: Redefining \bmod on input line 905.
LaTeX Info: Redefining \pmod on input line 910.
LaTeX Info: Redefining \smash on input line 940.
LaTeX Info: Redefining \relbar on input line 970.
LaTeX Info: Redefining \Relbar on input line 971.
\c@MaxMatrixCols=\count327
\dotsspace@=\muskip17
\c@parentequation=\count328
\dspbrk@lvl=\count329
\tag@help=\toks35
\row@=\count330
\column@=\count331
\maxfields@=\count332
\andhelp@=\toks36
\eqnshift@=\dimen286
\alignsep@=\dimen287
\tagshift@=\dimen288
\tagwidth@=\dimen289
\totwidth@=\dimen290
\lineht@=\dimen291
\@envbody=\toks37
\multlinegap=\skip60
\multlinetaggap=\skip61
\mathdisplay@stack=\toks38
LaTeX Info: Redefining \[ on input line 2953.
LaTeX Info: Redefining \] on input line 2954.
) (C:\Program Files\MiKTeX\tex/latex/amscls\amsthm.sty
Package: amsthm 2020/05/29 v2.20.6
\thm@style=\toks39
\thm@bodyfont=\toks40
\thm@headfont=\toks41
\thm@notefont=\toks42
\thm@headpunct=\toks43
\thm@preskip=\skip62
\thm@postskip=\skip63
\thm@headsep=\skip64
\dth@everypar=\toks44
)
\c@theorem=\count333
) (C:\Program Files\MiKTeX\tex/latex/beamer\beamerbasethemes.sty)) (C:\Program Files\MiKTeX\tex/latex/beamer\beamerthemedefault.sty (C:\Program Files\MiKTeX\tex/latex/beamer\beamerfontthemedefault.sty) (C:\Program Files\MiKTeX\tex/latex/beamer\beamercolorthemedefault.sty) (C:\Program Files\MiKTeX\tex/latex/beamer\beamerinnerthemedefault.sty
\beamer@dima=\dimen292
\beamer@dimb=\dimen293
) (C:\Program Files\MiKTeX\tex/latex/beamer\beamerouterthemedefault.sty))) (settings/packages.tex (C:\Program Files\MiKTeX\tex/latex/beamer\multimedia.sty
Package: multimedia 2012/05/02 ver 0.02
 (C:\Program Files\MiKTeX\tex/generic/iftex\ifpdf.sty
Package: ifpdf 2019/10/25 v3.4 ifpdf legacy package. Use iftex instead.
)
\mm@movie=\count334
) (C:\Program Files\MiKTeX\tex/latex/pgf/frontendlayer\tikz.sty (C:\Program Files\MiKTeX\tex/latex/pgf/basiclayer\pgf.sty
Package: pgf 2023-01-15 v3.1.10 (3.1.10)
 (C:\Program Files\MiKTeX\tex/generic/pgf/modules\pgfmoduleshapes.code.tex
File: pgfmoduleshapes.code.tex 2023-01-15 v3.1.10 (3.1.10)
\pgfnodeparttextbox=\box76
) (C:\Program Files\MiKTeX\tex/generic/pgf/modules\pgfmoduleplot.code.tex
File: pgfmoduleplot.code.tex 2023-01-15 v3.1.10 (3.1.10)
) (C:\Program Files\MiKTeX\tex/latex/pgf/compatibility\pgfcomp-version-0-65.sty
Package: pgfcomp-version-0-65 2023-01-15 v3.1.10 (3.1.10)
\pgf@nodesepstart=\dimen294
\pgf@nodesepend=\dimen295
) (C:\Program Files\MiKTeX\tex/latex/pgf/compatibility\pgfcomp-version-1-18.sty
Package: pgfcomp-version-1-18 2023-01-15 v3.1.10 (3.1.10)
)) (C:\Program Files\MiKTeX\tex/latex/pgf/utilities\pgffor.sty (C:\Program Files\MiKTeX\tex/generic/pgf/utilities\pgffor.code.tex
Package: pgffor 2023-01-15 v3.1.10 (3.1.10)
\pgffor@iter=\dimen296
\pgffor@skip=\dimen297
\pgffor@stack=\toks45
\pgffor@toks=\toks46
)) (C:\Program Files\MiKTeX\tex/generic/pgf/frontendlayer/tikz\tikz.code.tex
Package: tikz 2023-01-15 v3.1.10 (3.1.10)
 (C:\Program Files\MiKTeX\tex/generic/pgf/libraries\pgflibraryplothandlers.code.tex
File: pgflibraryplothandlers.code.tex 2023-01-15 v3.1.10 (3.1.10)
\pgf@plot@mark@count=\count335
\pgfplotmarksize=\dimen298
)
\tikz@lastx=\dimen299
\tikz@lasty=\dimen300
\tikz@lastxsaved=\dimen301
\tikz@lastysaved=\dimen302
\tikz@lastmovetox=\dimen303
\tikz@lastmovetoy=\dimen304
\tikzleveldistance=\dimen305
\tikzsiblingdistance=\dimen306
\tikz@figbox=\box77
\tikz@figbox@bg=\box78
\tikz@tempbox=\box79
\tikz@tempbox@bg=\box80
\tikztreelevel=\count336
\tikznumberofchildren=\count337
\tikznumberofcurrentchild=\count338
\tikz@fig@count=\count339
 (C:\Program Files\MiKTeX\tex/generic/pgf/modules\pgfmodulematrix.code.tex
File: pgfmodulematrix.code.tex 2023-01-15 v3.1.10 (3.1.10)
\pgfmatrixcurrentrow=\count340
\pgfmatrixcurrentcolumn=\count341
\pgf@matrix@numberofcolumns=\count342
)
\tikz@expandcount=\count343
 (C:\Program Files\MiKTeX\tex/generic/pgf/frontendlayer/tikz/libraries\tikzlibrarytopaths.code.tex
File: tikzlibrarytopaths.code.tex 2023-01-15 v3.1.10 (3.1.10)
)))) (settings/page.tex (C:\Program Files\MiKTeX\tex/latex/beamer\beamerthemeBerkeley.sty (C:\Program Files\MiKTeX\tex/latex/beamer\beamerouterthemesidebar.sty
\beamer@sidebarwidth=\dimen307
\beamer@headheight=\dimen308
) (C:\Program Files\MiKTeX\tex/latex/beamer\beamerinnerthemerectangles.sty) (C:\Program Files\MiKTeX\tex/latex/beamer\beamercolorthemewhale.sty) (C:\Program Files\MiKTeX\tex/latex/beamer\beamercolorthemeorchid.sty)) (C:\Program Files\MiKTeX\tex/latex/beamer\beamerfontthemeprofessionalfonts.sty)) (settings/macros.tex) (C:\Program Files\MiKTeX\tex/latex/l3backend\l3backend-pdftex.def
File: l3backend-pdftex.def 2023-04-19 L3 backend support: PDF output (pdfTeX)
\l__color_backend_stack_int=\count344
\l__pdf_internal_box=\box81
) (Workshop-43.aux)
\openout1 = `Workshop-43.aux'.

LaTeX Font Info:    Checking defaults for OML/cmm/m/it on input line 28.
LaTeX Font Info:    ... okay on input line 28.
LaTeX Font Info:    Checking defaults for OMS/cmsy/m/n on input line 28.
LaTeX Font Info:    ... okay on input line 28.
LaTeX Font Info:    Checking defaults for OT1/cmr/m/n on input line 28.
LaTeX Font Info:    ... okay on input line 28.
LaTeX Font Info:    Checking defaults for T1/cmr/m/n on input line 28.
LaTeX Font Info:    ... okay on input line 28.
LaTeX Font Info:    Checking defaults for TS1/cmr/m/n on input line 28.
LaTeX Font Info:    ... okay on input line 28.
LaTeX Font Info:    Checking defaults for OMX/cmex/m/n on input line 28.
LaTeX Font Info:    ... okay on input line 28.
LaTeX Font Info:    Checking defaults for U/cmr/m/n on input line 28.
LaTeX Font Info:    ... okay on input line 28.
LaTeX Font Info:    Checking defaults for PD1/pdf/m/n on input line 28.
LaTeX Font Info:    ... okay on input line 28.
LaTeX Font Info:    Checking defaults for PU/pdf/m/n on input line 28.
LaTeX Font Info:    ... okay on input line 28.

*geometry* driver: auto-detecting
*geometry* detected driver: pdftex
*geometry* verbose mode - [ preamble ] result:
* driver: pdftex
* paper: custom
* layout: <same size as paper>
* layoutoffset:(h,v)=(0.0pt,0.0pt)
* modes: includehead includefoot 
* h-part:(L,W,R)=(59.22636pt, 290.74263pt, 14.22636pt)
* v-part:(T,H,B)=(0.0pt, 273.14662pt, 0.0pt)
* \paperwidth=364.19536pt
* \paperheight=273.14662pt
* \textwidth=290.74263pt
* \textheight=244.6939pt
* \oddsidemargin=-13.04362pt
* \evensidemargin=-13.04362pt
* \topmargin=-72.26999pt
* \headheight=14.22636pt
* \headsep=0.0pt
* \topskip=11.0pt
* \footskip=14.22636pt
* \marginparwidth=4.0pt
* \marginparsep=10.0pt
* \columnsep=10.0pt
* \skip\footins=10.0pt plus 4.0pt minus 2.0pt
* \hoffset=0.0pt
* \voffset=0.0pt
* \mag=1000
* \@twocolumnfalse
* \@twosidefalse
* \@mparswitchfalse
* \@reversemarginfalse
* (1in=72.27pt=25.4mm, 1cm=28.453pt)

(C:\Program Files\MiKTeX\tex/context/base/mkii\supp-pdf.mkii
[Loading MPS to PDF converter (version 2006.09.02).]
\scratchcounter=\count345
\scratchdimen=\dimen309
\scratchbox=\box82
\nofMPsegments=\count346
\nofMParguments=\count347
\everyMPshowfont=\toks47
\MPscratchCnt=\count348
\MPscratchDim=\dimen310
\MPnumerator=\count349
\makeMPintoPDFobject=\count350
\everyMPtoPDFconversion=\toks48
) (C:\Program Files\MiKTeX\tex/latex/epstopdf-pkg\epstopdf-base.sty
Package: epstopdf-base 2020-01-24 v2.11 Base part for package epstopdf
Package epstopdf-base Info: Redefining graphics rule for `.eps' on input line 485.
 (C:\Program Files\MiKTeX\tex/latex/00miktex\epstopdf-sys.cfg
File: epstopdf-sys.cfg 2021/03/18 v2.0 Configuration of epstopdf for MiKTeX
))
Package hyperref Info: Link coloring OFF on input line 28.
 (Workshop-43.out) (Workshop-43.out)
\@outlinefile=\write5
\openout5 = `Workshop-43.out'.

 (C:\Program Files\MiKTeX\tex/latex/translator\translator-basic-dictionary-English.dict
Dictionary: translator-basic-dictionary, Language: English 
) (C:\Program Files\MiKTeX\tex/latex/translator\translator-bibliography-dictionary-English.dict
Dictionary: translator-bibliography-dictionary, Language: English 
) (C:\Program Files\MiKTeX\tex/latex/translator\translator-environment-dictionary-English.dict
Dictionary: translator-environment-dictionary, Language: English 
) (C:\Program Files\MiKTeX\tex/latex/translator\translator-months-dictionary-English.dict
Dictionary: translator-months-dictionary, Language: English 
) (C:\Program Files\MiKTeX\tex/latex/translator\translator-numbers-dictionary-English.dict
Dictionary: translator-numbers-dictionary, Language: English 
) (C:\Program Files\MiKTeX\tex/latex/translator\translator-theorem-dictionary-English.dict
Dictionary: translator-theorem-dictionary, Language: English 
) (Workshop-43.nav)
<figures/Logo-BH_klein.png, id=73, 185.94469pt x 176.91093pt>
File: figures/Logo-BH_klein.png Graphic file (type png)
<use figures/Logo-BH_klein.png>
Package pdftex.def Info: figures/Logo-BH_klein.png  used on input line 28.
(pdftex.def)             Requested size: 36.98866pt x 35.1899pt.


Package hyperref Warning: Option `pdfauthor' has already been used,
(hyperref)                setting the option has no effect on input line 34.

<figures/BH-Logo.png, id=75, 165.564pt x 66.0285pt>
File: figures/BH-Logo.png Graphic file (type png)
<use figures/BH-Logo.png>
Package pdftex.def Info: figures/BH-Logo.png  used on input line 41.
(pdftex.def)             Requested size: 58.14763pt x 23.18991pt.
File: figures/Logo-BH_klein.png Graphic file (type png)
<use figures/Logo-BH_klein.png>
Package pdftex.def Info: figures/Logo-BH_klein.png  used on input line 41.
(pdftex.def)             Requested size: 36.98866pt x 35.1899pt.
[1{C:/Users/mk/AppData/Local/MiKTeX/fonts/map/pdftex/pdftex.map}

 <./figures/Logo-BH_klein.png> <./figures/BH-Logo.png>] (Workshop-43.toc)
File: figures/Logo-BH_klein.png Graphic file (type png)
<use figures/Logo-BH_klein.png>
Package pdftex.def Info: figures/Logo-BH_klein.png  used on input line 54.
(pdftex.def)             Requested size: 36.98866pt x 35.1899pt.
 [2

] (Workshop-43.toc)
File: figures/Logo-BH_klein.png Graphic file (type png)
<use figures/Logo-BH_klein.png>
Package pdftex.def Info: figures/Logo-BH_klein.png  used on input line 63.
(pdftex.def)             Requested size: 36.98866pt x 35.1899pt.
 [3

]
File: figures/Logo-BH_klein.png Graphic file (type png)
<use figures/Logo-BH_klein.png>
Package pdftex.def Info: figures/Logo-BH_klein.png  used on input line 78.
(pdftex.def)             Requested size: 36.98866pt x 35.1899pt.
 [4

]
File: figures/Logo-BH_klein.png Graphic file (type png)
<use figures/Logo-BH_klein.png>
Package pdftex.def Info: figures/Logo-BH_klein.png  used on input line 98.
(pdftex.def)             Requested size: 36.98866pt x 35.1899pt.
 [5

]
File: figures/Logo-BH_klein.png Graphic file (type png)
<use figures/Logo-BH_klein.png>
Package pdftex.def Info: figures/Logo-BH_klein.png  used on input line 98.
(pdftex.def)             Requested size: 36.98866pt x 35.1899pt.
 [6

]
File: figures/Logo-BH_klein.png Graphic file (type png)
<use figures/Logo-BH_klein.png>
Package pdftex.def Info: figures/Logo-BH_klein.png  used on input line 98.
(pdftex.def)             Requested size: 36.98866pt x 35.1899pt.
 [7

]
File: figures/Logo-BH_klein.png Graphic file (type png)
<use figures/Logo-BH_klein.png>
Package pdftex.def Info: figures/Logo-BH_klein.png  used on input line 98.
(pdftex.def)             Requested size: 36.98866pt x 35.1899pt.
 [8

]
File: figures/Logo-BH_klein.png Graphic file (type png)
<use figures/Logo-BH_klein.png>
Package pdftex.def Info: figures/Logo-BH_klein.png  used on input line 120.
(pdftex.def)             Requested size: 36.98866pt x 35.1899pt.
 [9

]
File: figures/Logo-BH_klein.png Graphic file (type png)
<use figures/Logo-BH_klein.png>
Package pdftex.def Info: figures/Logo-BH_klein.png  used on input line 120.
(pdftex.def)             Requested size: 36.98866pt x 35.1899pt.
 [10

]
File: figures/Logo-BH_klein.png Graphic file (type png)
<use figures/Logo-BH_klein.png>
Package pdftex.def Info: figures/Logo-BH_klein.png  used on input line 120.
(pdftex.def)             Requested size: 36.98866pt x 35.1899pt.
 [11

]
File: figures/Logo-BH_klein.png Graphic file (type png)
<use figures/Logo-BH_klein.png>
Package pdftex.def Info: figures/Logo-BH_klein.png  used on input line 120.
(pdftex.def)             Requested size: 36.98866pt x 35.1899pt.
 [12

]
File: figures/Logo-BH_klein.png Graphic file (type png)
<use figures/Logo-BH_klein.png>
Package pdftex.def Info: figures/Logo-BH_klein.png  used on input line 120.
(pdftex.def)             Requested size: 36.98866pt x 35.1899pt.
 [13

]
File: figures/Logo-BH_klein.png Graphic file (type png)
<use figures/Logo-BH_klein.png>
Package pdftex.def Info: figures/Logo-BH_klein.png  used on input line 141.
(pdftex.def)             Requested size: 36.98866pt x 35.1899pt.
 [14

]
File: figures/Logo-BH_klein.png Graphic file (type png)
<use figures/Logo-BH_klein.png>
Package pdftex.def Info: figures/Logo-BH_klein.png  used on input line 141.
(pdftex.def)             Requested size: 36.98866pt x 35.1899pt.
 [15

]
File: figures/Logo-BH_klein.png Graphic file (type png)
<use figures/Logo-BH_klein.png>
Package pdftex.def Info: figures/Logo-BH_klein.png  used on input line 141.
(pdftex.def)             Requested size: 36.98866pt x 35.1899pt.
 [16

]
File: figures/Logo-BH_klein.png Graphic file (type png)
<use figures/Logo-BH_klein.png>
Package pdftex.def Info: figures/Logo-BH_klein.png  used on input line 141.
(pdftex.def)             Requested size: 36.98866pt x 35.1899pt.
 [17

]
File: figures/Logo-BH_klein.png Graphic file (type png)
<use figures/Logo-BH_klein.png>
Package pdftex.def Info: figures/Logo-BH_klein.png  used on input line 141.
(pdftex.def)             Requested size: 36.98866pt x 35.1899pt.
 [18

]
File: figures/Logo-BH_klein.png Graphic file (type png)
<use figures/Logo-BH_klein.png>
Package pdftex.def Info: figures/Logo-BH_klein.png  used on input line 141.
(pdftex.def)             Requested size: 36.98866pt x 35.1899pt.
 [19

]
<figures/Ablaufschema.JPG, id=513, 1196.97188pt x 493.0922pt>
File: figures/Ablaufschema.JPG Graphic file (type jpg)
<use figures/Ablaufschema.JPG>
Package pdftex.def Info: figures/Ablaufschema.JPG  used on input line 155.
(pdftex.def)             Requested size: 290.74263pt x 119.76657pt.
File: figures/Logo-BH_klein.png Graphic file (type png)
<use figures/Logo-BH_klein.png>
Package pdftex.def Info: figures/Logo-BH_klein.png  used on input line 155.
(pdftex.def)             Requested size: 36.98866pt x 35.1899pt.
 [20

 <./figures/Ablaufschema.JPG>] (Workshop-43.toc)
File: figures/Logo-BH_klein.png Graphic file (type png)
<use figures/Logo-BH_klein.png>
Package pdftex.def Info: figures/Logo-BH_klein.png  used on input line 171.
(pdftex.def)             Requested size: 36.98866pt x 35.1899pt.
 [21

]
File: figures/Logo-BH_klein.png Graphic file (type png)
<use figures/Logo-BH_klein.png>
Package pdftex.def Info: figures/Logo-BH_klein.png  used on input line 213.
(pdftex.def)             Requested size: 36.98866pt x 35.1899pt.
 [22

]
<figures/Vorgarten.jpg, id=581, 793.46437pt x 510.45442pt>
File: figures/Vorgarten.jpg Graphic file (type jpg)
<use figures/Vorgarten.jpg>
Package pdftex.def Info: figures/Vorgarten.jpg  used on input line 213.
(pdftex.def)             Requested size: 116.29749pt x 74.81235pt.
File: figures/Logo-BH_klein.png Graphic file (type png)
<use figures/Logo-BH_klein.png>
Package pdftex.def Info: figures/Logo-BH_klein.png  used on input line 213.
(pdftex.def)             Requested size: 36.98866pt x 35.1899pt.
 [23

 <./figures/Vorgarten.jpg>]
<figures/Strasse.jpg, id=603, 465.95131pt x 302.78638pt>
File: figures/Strasse.jpg Graphic file (type jpg)
<use figures/Strasse.jpg>
Package pdftex.def Info: figures/Strasse.jpg  used on input line 213.
(pdftex.def)             Requested size: 116.29749pt x 75.57166pt.
File: figures/Logo-BH_klein.png Graphic file (type png)
<use figures/Logo-BH_klein.png>
Package pdftex.def Info: figures/Logo-BH_klein.png  used on input line 213.
(pdftex.def)             Requested size: 36.98866pt x 35.1899pt.
 [24

 <./figures/Strasse.jpg>]
<figures/Blühwiese.jpg, id=625, 1284.8pt x 856.19875pt>
File: figures/Blühwiese.jpg Graphic file (type jpg)
<use figures/Blühwiese.jpg>
Package pdftex.def Info: figures/Blühwiese.jpg  used on input line 213.
(pdftex.def)             Requested size: 116.29749pt x 77.49875pt.
File: figures/Logo-BH_klein.png Graphic file (type png)
<use figures/Logo-BH_klein.png>
Package pdftex.def Info: figures/Logo-BH_klein.png  used on input line 213.
(pdftex.def)             Requested size: 36.98866pt x 35.1899pt.
 [25

 <./figures/Blühwiese.jpg>]
Overfull \hbox (3.98299pt too wide) in paragraph at lines 254--254
\OT1/cmss/bx/n/10.95 "[]Offentlichkeitsarbeit" 
 []


Overfull \vbox (20.19093pt too high) detected at line 254
 []

File: figures/Logo-BH_klein.png Graphic file (type png)
<use figures/Logo-BH_klein.png>
Package pdftex.def Info: figures/Logo-BH_klein.png  used on input line 254.
(pdftex.def)             Requested size: 36.98866pt x 35.1899pt.
[26

]
Overfull \hbox (3.98299pt too wide) in paragraph at lines 254--254
\OT1/cmss/bx/n/10.95 "[]Offentlichkeitsarbeit" 
 []

File: figures/Vorgarten.jpg Graphic file (type jpg)
<use figures/Vorgarten.jpg>
Package pdftex.def Info: figures/Vorgarten.jpg  used on input line 254.
(pdftex.def)             Requested size: 50.88084pt x 32.72894pt.

Overfull \vbox (20.19093pt too high) detected at line 254
 []

File: figures/Logo-BH_klein.png Graphic file (type png)
<use figures/Logo-BH_klein.png>
Package pdftex.def Info: figures/Logo-BH_klein.png  used on input line 254.
(pdftex.def)             Requested size: 36.98866pt x 35.1899pt.
[27

]
Overfull \hbox (3.98299pt too wide) in paragraph at lines 254--254
\OT1/cmss/bx/n/10.95 "[]Offentlichkeitsarbeit" 
 []

File: figures/Vorgarten.jpg Graphic file (type jpg)
<use figures/Vorgarten.jpg>
Package pdftex.def Info: figures/Vorgarten.jpg  used on input line 254.
(pdftex.def)             Requested size: 50.88084pt x 32.72894pt.
File: figures/Strasse.jpg Graphic file (type jpg)
<use figures/Strasse.jpg>
Package pdftex.def Info: figures/Strasse.jpg  used on input line 254.
(pdftex.def)             Requested size: 50.88084pt x 33.06172pt.

Overfull \vbox (20.19093pt too high) detected at line 254
 []

File: figures/Logo-BH_klein.png Graphic file (type png)
<use figures/Logo-BH_klein.png>
Package pdftex.def Info: figures/Logo-BH_klein.png  used on input line 254.
(pdftex.def)             Requested size: 36.98866pt x 35.1899pt.
[28

]
Overfull \hbox (3.98299pt too wide) in paragraph at lines 254--254
\OT1/cmss/bx/n/10.95 "[]Offentlichkeitsarbeit" 
 []

File: figures/Vorgarten.jpg Graphic file (type jpg)
<use figures/Vorgarten.jpg>
Package pdftex.def Info: figures/Vorgarten.jpg  used on input line 254.
(pdftex.def)             Requested size: 50.88084pt x 32.72894pt.
File: figures/Strasse.jpg Graphic file (type jpg)
<use figures/Strasse.jpg>
Package pdftex.def Info: figures/Strasse.jpg  used on input line 254.
(pdftex.def)             Requested size: 50.88084pt x 33.06172pt.
File: figures/Blühwiese.jpg Graphic file (type jpg)
<use figures/Blühwiese.jpg>
Package pdftex.def Info: figures/Blühwiese.jpg  used on input line 254.
(pdftex.def)             Requested size: 50.88084pt x 33.90244pt.

Overfull \vbox (20.19093pt too high) detected at line 254
 []

File: figures/Logo-BH_klein.png Graphic file (type png)
<use figures/Logo-BH_klein.png>
Package pdftex.def Info: figures/Logo-BH_klein.png  used on input line 254.
(pdftex.def)             Requested size: 36.98866pt x 35.1899pt.
[29

]
Overfull \hbox (3.98299pt too wide) in paragraph at lines 254--254
\OT1/cmss/bx/n/10.95 "[]Offentlichkeitsarbeit" 
 []

File: figures/Vorgarten.jpg Graphic file (type jpg)
<use figures/Vorgarten.jpg>
Package pdftex.def Info: figures/Vorgarten.jpg  used on input line 254.
(pdftex.def)             Requested size: 50.88084pt x 32.72894pt.
File: figures/Strasse.jpg Graphic file (type jpg)
<use figures/Strasse.jpg>
Package pdftex.def Info: figures/Strasse.jpg  used on input line 254.
(pdftex.def)             Requested size: 50.88084pt x 33.06172pt.
File: figures/Blühwiese.jpg Graphic file (type jpg)
<use figures/Blühwiese.jpg>
Package pdftex.def Info: figures/Blühwiese.jpg  used on input line 254.
(pdftex.def)             Requested size: 50.88084pt x 33.90244pt.

Overfull \vbox (20.19093pt too high) detected at line 254
 []

File: figures/Logo-BH_klein.png Graphic file (type png)
<use figures/Logo-BH_klein.png>
Package pdftex.def Info: figures/Logo-BH_klein.png  used on input line 254.
(pdftex.def)             Requested size: 36.98866pt x 35.1899pt.
[30

] (Workshop-43.toc)
File: figures/Logo-BH_klein.png Graphic file (type png)
<use figures/Logo-BH_klein.png>
Package pdftex.def Info: figures/Logo-BH_klein.png  used on input line 265.
(pdftex.def)             Requested size: 36.98866pt x 35.1899pt.
 [31

]
File: figures/Logo-BH_klein.png Graphic file (type png)
<use figures/Logo-BH_klein.png>
Package pdftex.def Info: figures/Logo-BH_klein.png  used on input line 275.
(pdftex.def)             Requested size: 36.98866pt x 35.1899pt.
 [32

]
File: figures/Logo-BH_klein.png Graphic file (type png)
<use figures/Logo-BH_klein.png>
Package pdftex.def Info: figures/Logo-BH_klein.png  used on input line 284.
(pdftex.def)             Requested size: 36.98866pt x 35.1899pt.
 [33

]
File: figures/Logo-BH_klein.png Graphic file (type png)
<use figures/Logo-BH_klein.png>
Package pdftex.def Info: figures/Logo-BH_klein.png  used on input line 293.
(pdftex.def)             Requested size: 36.98866pt x 35.1899pt.
 [34

]
File: figures/Logo-BH_klein.png Graphic file (type png)
<use figures/Logo-BH_klein.png>
Package pdftex.def Info: figures/Logo-BH_klein.png  used on input line 315.
(pdftex.def)             Requested size: 36.98866pt x 35.1899pt.
 [35

]
File: figures/Logo-BH_klein.png Graphic file (type png)
<use figures/Logo-BH_klein.png>
Package pdftex.def Info: figures/Logo-BH_klein.png  used on input line 315.
(pdftex.def)             Requested size: 36.98866pt x 35.1899pt.
 [36

]
File: figures/Logo-BH_klein.png Graphic file (type png)
<use figures/Logo-BH_klein.png>
Package pdftex.def Info: figures/Logo-BH_klein.png  used on input line 315.
(pdftex.def)             Requested size: 36.98866pt x 35.1899pt.
 [37

]
File: figures/Logo-BH_klein.png Graphic file (type png)
<use figures/Logo-BH_klein.png>
Package pdftex.def Info: figures/Logo-BH_klein.png  used on input line 315.
(pdftex.def)             Requested size: 36.98866pt x 35.1899pt.
 [38

]
File: figures/Ablaufschema.JPG Graphic file (type jpg)
<use figures/Ablaufschema.JPG>
Package pdftex.def Info: figures/Ablaufschema.JPG  used on input line 334.
(pdftex.def)             Requested size: 290.74263pt x 119.76657pt.
File: figures/Logo-BH_klein.png Graphic file (type png)
<use figures/Logo-BH_klein.png>
Package pdftex.def Info: figures/Logo-BH_klein.png  used on input line 334.
(pdftex.def)             Requested size: 36.98866pt x 35.1899pt.
 [39

]
File: figures/Logo-BH_klein.png Graphic file (type png)
<use figures/Logo-BH_klein.png>
Package pdftex.def Info: figures/Logo-BH_klein.png  used on input line 364.
(pdftex.def)             Requested size: 36.98866pt x 35.1899pt.
 [40

]
File: figures/Logo-BH_klein.png Graphic file (type png)
<use figures/Logo-BH_klein.png>
Package pdftex.def Info: figures/Logo-BH_klein.png  used on input line 364.
(pdftex.def)             Requested size: 36.98866pt x 35.1899pt.
 [41

]
File: figures/Logo-BH_klein.png Graphic file (type png)
<use figures/Logo-BH_klein.png>
Package pdftex.def Info: figures/Logo-BH_klein.png  used on input line 364.
(pdftex.def)             Requested size: 36.98866pt x 35.1899pt.
 [42

]
File: figures/Logo-BH_klein.png Graphic file (type png)
<use figures/Logo-BH_klein.png>
Package pdftex.def Info: figures/Logo-BH_klein.png  used on input line 364.
(pdftex.def)             Requested size: 36.98866pt x 35.1899pt.
 [43

]
File: figures/Logo-BH_klein.png Graphic file (type png)
<use figures/Logo-BH_klein.png>
Package pdftex.def Info: figures/Logo-BH_klein.png  used on input line 364.
(pdftex.def)             Requested size: 36.98866pt x 35.1899pt.
 [44

]
File: figures/Logo-BH_klein.png Graphic file (type png)
<use figures/Logo-BH_klein.png>
Package pdftex.def Info: figures/Logo-BH_klein.png  used on input line 364.
(pdftex.def)             Requested size: 36.98866pt x 35.1899pt.
 [45

]
\tf@nav=\write6
\openout6 = `Workshop-43.nav'.

\tf@toc=\write7
\openout7 = `Workshop-43.toc'.

\tf@snm=\write8
\openout8 = `Workshop-43.snm'.

 (Workshop-43.aux)
Package rerunfilecheck Info: File `Workshop-43.out' has not changed.
(rerunfilecheck)             Checksum: DE1A20B0C392DFFEB3BB9FBC74FE99AC;2310.
 ) 
Here is how much of TeX's memory you used:
 25504 strings out of 476360
 513966 string characters out of 5797849
 1868993 words of memory out of 5000000
 45294 multiletter control sequences out of 15000+600000
 515595 words of font info for 43 fonts, out of 8000000 for 9000
 1141 hyphenation exceptions out of 8191
 128i,23n,122p,438b,1109s stack positions out of 10000i,1000n,20000p,200000b,200000s
<C:/Program Files/MiKTeX/fonts/type1/public/amsfonts/cm/cmbx10.pfb><C:/Program Files/MiKTeX/fonts/type1/public/amsfonts/cm/cmss10.pfb><C:/Program Files/MiKTeX/fonts/type1/public/amsfonts/cm/cmss12.pfb><C:/Program Files/MiKTeX/fonts/type1/public/amsfonts/cm/cmss8.pfb><C:/Program Files/MiKTeX/fonts/type1/public/amsfonts/cm/cmss9.pfb><C:/Program Files/MiKTeX/fonts/type1/public/amsfonts/cm/cmssbx10.pfb>
Output written on Workshop-43.pdf (45 pages, 1228457 bytes).
PDF statistics:
 1122 PDF objects out of 1200 (max. 8388607)
 106 named destinations out of 1000 (max. 500000)
 197 words of extra memory for PDF output out of 10000 (max. 10000000)

